{"/Users/karimmaoulida/Downloads/ReactAdminV2/src/store.js": {"path":"/Users/karimmaoulida/Downloads/ReactAdminV2/src/store.js","statementMap":{"0":{"start":{"line":3,"column":16},"end":{"line":28,"column":1}},"1":{"start":{"line":5,"column":22},"end":{"line":5,"column":56}},"2":{"start":{"line":6,"column":8},"end":{"line":19,"column":9}},"3":{"start":{"line":7,"column":25},"end":{"line":7,"column":42}},"4":{"start":{"line":8,"column":12},"end":{"line":10,"column":13}},"5":{"start":{"line":9,"column":16},"end":{"line":9,"column":28}},"6":{"start":{"line":11,"column":12},"end":{"line":13,"column":13}},"7":{"start":{"line":12,"column":16},"end":{"line":12,"column":29}},"8":{"start":{"line":15,"column":12},"end":{"line":17,"column":13}},"9":{"start":{"line":16,"column":16},"end":{"line":16,"column":39}},"10":{"start":{"line":18,"column":12},"end":{"line":18,"column":37}},"11":{"start":{"line":20,"column":8},"end":{"line":20,"column":20}},"12":{"start":{"line":23,"column":8},"end":{"line":23,"column":66}},"13":{"start":{"line":26,"column":8},"end":{"line":26,"column":46}},"14":{"start":{"line":31,"column":21},"end":{"line":42,"column":1}},"15":{"start":{"line":44,"column":19},"end":{"line":44,"column":52}},"16":{"start":{"line":45,"column":21},"end":{"line":45,"column":31}},"17":{"start":{"line":47,"column":22},"end":{"line":77,"column":1}},"18":{"start":{"line":48,"column":30},"end":{"line":74,"column":20}},"19":{"start":{"line":49,"column":8},"end":{"line":73,"column":9}},"20":{"start":{"line":51,"column":16},"end":{"line":51,"column":47}},"21":{"start":{"line":53,"column":16},"end":{"line":53,"column":47}},"22":{"start":{"line":55,"column":16},"end":{"line":55,"column":47}},"23":{"start":{"line":57,"column":16},"end":{"line":57,"column":47}},"24":{"start":{"line":59,"column":16},"end":{"line":59,"column":47}},"25":{"start":{"line":61,"column":16},"end":{"line":61,"column":47}},"26":{"start":{"line":63,"column":16},"end":{"line":63,"column":47}},"27":{"start":{"line":65,"column":16},"end":{"line":65,"column":47}},"28":{"start":{"line":68,"column":16},"end":{"line":68,"column":47}},"29":{"start":{"line":70,"column":16},"end":{"line":70,"column":47}},"30":{"start":{"line":72,"column":16},"end":{"line":72,"column":29}},"31":{"start":{"line":76,"column":4},"end":{"line":76,"column":71}}},"fnMap":{"0":{"name":"(anonymous_0)","decl":{"start":{"line":4,"column":9},"end":{"line":4,"column":10}},"loc":{"start":{"line":4,"column":24},"end":{"line":21,"column":5}},"line":4},"1":{"name":"(anonymous_1)","decl":{"start":{"line":22,"column":9},"end":{"line":22,"column":10}},"loc":{"start":{"line":22,"column":25},"end":{"line":24,"column":5}},"line":22},"2":{"name":"(anonymous_2)","decl":{"start":{"line":25,"column":12},"end":{"line":25,"column":13}},"loc":{"start":{"line":25,"column":21},"end":{"line":27,"column":5}},"line":25},"3":{"name":"(anonymous_3)","decl":{"start":{"line":47,"column":22},"end":{"line":47,"column":23}},"loc":{"start":{"line":47,"column":40},"end":{"line":77,"column":1}},"line":47},"4":{"name":"(anonymous_4)","decl":{"start":{"line":48,"column":47},"end":{"line":48,"column":48}},"loc":{"start":{"line":48,"column":66},"end":{"line":74,"column":5}},"line":48}},"branchMap":{"0":{"loc":{"start":{"line":6,"column":8},"end":{"line":19,"column":9}},"type":"if","locations":[{"start":{"line":6,"column":8},"end":{"line":19,"column":9}},{"start":{},"end":{}}],"line":6},"1":{"loc":{"start":{"line":8,"column":12},"end":{"line":10,"column":13}},"type":"if","locations":[{"start":{"line":8,"column":12},"end":{"line":10,"column":13}},{"start":{},"end":{}}],"line":8},"2":{"loc":{"start":{"line":11,"column":12},"end":{"line":13,"column":13}},"type":"if","locations":[{"start":{"line":11,"column":12},"end":{"line":13,"column":13}},{"start":{},"end":{}}],"line":11},"3":{"loc":{"start":{"line":15,"column":12},"end":{"line":17,"column":13}},"type":"if","locations":[{"start":{"line":15,"column":12},"end":{"line":17,"column":13}},{"start":{},"end":{}}],"line":15},"4":{"loc":{"start":{"line":49,"column":8},"end":{"line":73,"column":9}},"type":"switch","locations":[{"start":{"line":50,"column":12},"end":{"line":51,"column":47}},{"start":{"line":52,"column":12},"end":{"line":53,"column":47}},{"start":{"line":54,"column":12},"end":{"line":55,"column":47}},{"start":{"line":56,"column":12},"end":{"line":57,"column":47}},{"start":{"line":58,"column":12},"end":{"line":59,"column":47}},{"start":{"line":60,"column":12},"end":{"line":61,"column":47}},{"start":{"line":62,"column":12},"end":{"line":63,"column":47}},{"start":{"line":64,"column":12},"end":{"line":65,"column":47}},{"start":{"line":67,"column":12},"end":{"line":68,"column":47}},{"start":{"line":69,"column":12},"end":{"line":70,"column":47}},{"start":{"line":71,"column":12},"end":{"line":72,"column":29}}],"line":49}},"s":{"0":5,"1":40,"2":40,"3":0,"4":0,"5":0,"6":0,"7":0,"8":0,"9":0,"10":0,"11":40,"12":2,"13":0,"14":5,"15":5,"16":5,"17":5,"18":0,"19":0,"20":0,"21":0,"22":0,"23":0,"24":0,"25":0,"26":0,"27":0,"28":0,"29":0,"30":0,"31":0},"f":{"0":40,"1":2,"2":0,"3":0,"4":0},"b":{"0":[0,40],"1":[0,0],"2":[0,0],"3":[0,0],"4":[0,0,0,0,0,0,0,0,0,0,0]},"_coverageSchema":"1a1c01bbd47fc00a2c39e90264f33305004495a9","hash":"5d7667b3dab4e2194d21c8625023338b402d1db9"}
,"/Users/karimmaoulida/Downloads/ReactAdminV2/src/Components/index.js": {"path":"/Users/karimmaoulida/Downloads/ReactAdminV2/src/Components/index.js","statementMap":{},"fnMap":{},"branchMap":{},"s":{},"f":{},"b":{},"_coverageSchema":"1a1c01bbd47fc00a2c39e90264f33305004495a9","hash":"62a837fd2dba21adc755980a2c659e1e819012fc"}
,"/Users/karimmaoulida/Downloads/ReactAdminV2/src/Components/Cols/index.js": {"path":"/Users/karimmaoulida/Downloads/ReactAdminV2/src/Components/Cols/index.js","statementMap":{"0":{"start":{"line":6,"column":20},"end":{"line":35,"column":1}},"1":{"start":{"line":8,"column":32},"end":{"line":8,"column":54}},"2":{"start":{"line":9,"column":17},"end":{"line":9,"column":57}},"3":{"start":{"line":11,"column":25},"end":{"line":17,"column":5}},"4":{"start":{"line":12,"column":8},"end":{"line":12,"column":38}},"5":{"start":{"line":13,"column":24},"end":{"line":13,"column":38}},"6":{"start":{"line":14,"column":27},"end":{"line":14,"column":107}},"7":{"start":{"line":14,"column":56},"end":{"line":14,"column":106}},"8":{"start":{"line":15,"column":8},"end":{"line":15,"column":41}},"9":{"start":{"line":16,"column":8},"end":{"line":16,"column":56}},"10":{"start":{"line":20,"column":4},"end":{"line":34,"column":15}},"11":{"start":{"line":22,"column":34},"end":{"line":22,"column":56}},"12":{"start":{"line":28,"column":34},"end":{"line":28,"column":56}}},"fnMap":{"0":{"name":"(anonymous_0)","decl":{"start":{"line":6,"column":20},"end":{"line":6,"column":21}},"loc":{"start":{"line":6,"column":53},"end":{"line":35,"column":1}},"line":6},"1":{"name":"(anonymous_1)","decl":{"start":{"line":11,"column":25},"end":{"line":11,"column":26}},"loc":{"start":{"line":11,"column":36},"end":{"line":17,"column":5}},"line":11},"2":{"name":"(anonymous_2)","decl":{"start":{"line":14,"column":48},"end":{"line":14,"column":49}},"loc":{"start":{"line":14,"column":56},"end":{"line":14,"column":106}},"line":14},"3":{"name":"(anonymous_3)","decl":{"start":{"line":22,"column":29},"end":{"line":22,"column":30}},"loc":{"start":{"line":22,"column":34},"end":{"line":22,"column":56}},"line":22},"4":{"name":"(anonymous_4)","decl":{"start":{"line":28,"column":29},"end":{"line":28,"column":30}},"loc":{"start":{"line":28,"column":34},"end":{"line":28,"column":56}},"line":28}},"branchMap":{"0":{"loc":{"start":{"line":6,"column":29},"end":{"line":6,"column":46}},"type":"default-arg","locations":[{"start":{"line":6,"column":36},"end":{"line":6,"column":46}}],"line":6},"1":{"loc":{"start":{"line":12,"column":16},"end":{"line":12,"column":37}},"type":"cond-expr","locations":[{"start":{"line":12,"column":28},"end":{"line":12,"column":29}},{"start":{"line":12,"column":32},"end":{"line":12,"column":37}}],"line":12}},"s":{"0":5,"1":0,"2":0,"3":0,"4":0,"5":0,"6":0,"7":0,"8":0,"9":0,"10":0,"11":0,"12":0},"f":{"0":0,"1":0,"2":0,"3":0,"4":0},"b":{"0":[0],"1":[0,0]},"_coverageSchema":"1a1c01bbd47fc00a2c39e90264f33305004495a9","hash":"8b1dd2f372fc0514ff3fdf9937ea786fef29e4b0"}
,"/Users/karimmaoulida/Downloads/ReactAdminV2/src/Components/Details/index.js": {"path":"/Users/karimmaoulida/Downloads/ReactAdminV2/src/Components/Details/index.js","statementMap":{"0":{"start":{"line":5,"column":15},"end":{"line":36,"column":1}},"1":{"start":{"line":39,"column":23},"end":{"line":53,"column":2}},"2":{"start":{"line":40,"column":22},"end":{"line":40,"column":44}},"3":{"start":{"line":41,"column":16},"end":{"line":41,"column":28}},"4":{"start":{"line":42,"column":4},"end":{"line":51,"column":15}},"5":{"start":{"line":45,"column":16},"end":{"line":45,"column":37}}},"fnMap":{"0":{"name":"(anonymous_0)","decl":{"start":{"line":39,"column":28},"end":{"line":39,"column":29}},"loc":{"start":{"line":39,"column":110},"end":{"line":53,"column":1}},"line":39},"1":{"name":"(anonymous_1)","decl":{"start":{"line":44,"column":59},"end":{"line":44,"column":60}},"loc":{"start":{"line":44,"column":65},"end":{"line":46,"column":13}},"line":44}},"branchMap":{"0":{"loc":{"start":{"line":39,"column":52},"end":{"line":39,"column":63}},"type":"default-arg","locations":[{"start":{"line":39,"column":58},"end":{"line":39,"column":63}}],"line":39},"1":{"loc":{"start":{"line":39,"column":65},"end":{"line":39,"column":80}},"type":"default-arg","locations":[{"start":{"line":39,"column":75},"end":{"line":39,"column":80}}],"line":39},"2":{"loc":{"start":{"line":39,"column":91},"end":{"line":39,"column":103}},"type":"default-arg","locations":[{"start":{"line":39,"column":98},"end":{"line":39,"column":103}}],"line":39},"3":{"loc":{"start":{"line":43,"column":9},"end":{"line":50,"column":17}},"type":"binary-expr","locations":[{"start":{"line":43,"column":10},"end":{"line":43,"column":37}},{"start":{"line":43,"column":41},"end":{"line":43,"column":48}},{"start":{"line":43,"column":53},"end":{"line":50,"column":17}}],"line":43},"4":{"loc":{"start":{"line":45,"column":16},"end":{"line":45,"column":36}},"type":"binary-expr","locations":[{"start":{"line":45,"column":16},"end":{"line":45,"column":23}},{"start":{"line":45,"column":27},"end":{"line":45,"column":36}}],"line":45}},"s":{"0":5,"1":5,"2":25,"3":25,"4":25,"5":0},"f":{"0":25,"1":0},"b":{"0":[25],"1":[21],"2":[4],"3":[25,21,4],"4":[0,0]},"_coverageSchema":"1a1c01bbd47fc00a2c39e90264f33305004495a9","hash":"64444aca57dc845282ecbf0419666cdd4718c1b9"}
,"/Users/karimmaoulida/Downloads/ReactAdminV2/src/Components/Duplicate/index.js": {"path":"/Users/karimmaoulida/Downloads/ReactAdminV2/src/Components/Duplicate/index.js","statementMap":{"0":{"start":{"line":7,"column":25},"end":{"line":47,"column":1}},"1":{"start":{"line":9,"column":32},"end":{"line":9,"column":54}},"2":{"start":{"line":11,"column":34},"end":{"line":20,"column":5}},"3":{"start":{"line":12,"column":19},"end":{"line":12,"column":25}},"4":{"start":{"line":13,"column":25},"end":{"line":18,"column":9}},"5":{"start":{"line":17,"column":60},"end":{"line":17,"column":90}},"6":{"start":{"line":19,"column":8},"end":{"line":19,"column":24}},"7":{"start":{"line":21,"column":28},"end":{"line":35,"column":5}},"8":{"start":{"line":22,"column":25},"end":{"line":24,"column":9}},"9":{"start":{"line":25,"column":23},"end":{"line":25,"column":95}},"10":{"start":{"line":26,"column":27},"end":{"line":26,"column":62}},"11":{"start":{"line":27,"column":29},"end":{"line":27,"column":78}},"12":{"start":{"line":27,"column":58},"end":{"line":27,"column":77}},"13":{"start":{"line":28,"column":8},"end":{"line":28,"column":57}},"14":{"start":{"line":29,"column":8},"end":{"line":33,"column":9}},"15":{"start":{"line":30,"column":12},"end":{"line":30,"column":107}},"16":{"start":{"line":30,"column":50},"end":{"line":30,"column":105}},"17":{"start":{"line":32,"column":12},"end":{"line":32,"column":42}},"18":{"start":{"line":34,"column":8},"end":{"line":34,"column":79}},"19":{"start":{"line":38,"column":4},"end":{"line":46,"column":15}}},"fnMap":{"0":{"name":"(anonymous_0)","decl":{"start":{"line":7,"column":25},"end":{"line":7,"column":26}},"loc":{"start":{"line":7,"column":57},"end":{"line":47,"column":1}},"line":7},"1":{"name":"(anonymous_1)","decl":{"start":{"line":11,"column":34},"end":{"line":11,"column":35}},"loc":{"start":{"line":11,"column":51},"end":{"line":20,"column":5}},"line":11},"2":{"name":"(anonymous_2)","decl":{"start":{"line":17,"column":52},"end":{"line":17,"column":53}},"loc":{"start":{"line":17,"column":60},"end":{"line":17,"column":90}},"line":17},"3":{"name":"(anonymous_3)","decl":{"start":{"line":21,"column":28},"end":{"line":21,"column":29}},"loc":{"start":{"line":21,"column":34},"end":{"line":35,"column":5}},"line":21},"4":{"name":"(anonymous_4)","decl":{"start":{"line":27,"column":50},"end":{"line":27,"column":51}},"loc":{"start":{"line":27,"column":58},"end":{"line":27,"column":77}},"line":27},"5":{"name":"(anonymous_5)","decl":{"start":{"line":30,"column":33},"end":{"line":30,"column":34}},"loc":{"start":{"line":30,"column":50},"end":{"line":30,"column":105}},"line":30}},"branchMap":{"0":{"loc":{"start":{"line":7,"column":33},"end":{"line":7,"column":50}},"type":"default-arg","locations":[{"start":{"line":7,"column":40},"end":{"line":7,"column":50}}],"line":7},"1":{"loc":{"start":{"line":17,"column":27},"end":{"line":17,"column":46}},"type":"binary-expr","locations":[{"start":{"line":17,"column":27},"end":{"line":17,"column":40}},{"start":{"line":17,"column":44},"end":{"line":17,"column":46}}],"line":17},"2":{"loc":{"start":{"line":25,"column":23},"end":{"line":25,"column":95}},"type":"cond-expr","locations":[{"start":{"line":25,"column":37},"end":{"line":25,"column":76}},{"start":{"line":25,"column":79},"end":{"line":25,"column":95}}],"line":25},"3":{"loc":{"start":{"line":26,"column":27},"end":{"line":26,"column":62}},"type":"cond-expr","locations":[{"start":{"line":26,"column":41},"end":{"line":26,"column":53}},{"start":{"line":26,"column":56},"end":{"line":26,"column":62}}],"line":26},"4":{"loc":{"start":{"line":29,"column":8},"end":{"line":33,"column":9}},"type":"if","locations":[{"start":{"line":29,"column":8},"end":{"line":33,"column":9}},{"start":{"line":31,"column":15},"end":{"line":33,"column":9}}],"line":29}},"s":{"0":5,"1":0,"2":0,"3":0,"4":0,"5":0,"6":0,"7":0,"8":0,"9":0,"10":0,"11":0,"12":0,"13":0,"14":0,"15":0,"16":0,"17":0,"18":0,"19":0},"f":{"0":0,"1":0,"2":0,"3":0,"4":0,"5":0},"b":{"0":[0],"1":[0,0],"2":[0,0],"3":[0,0],"4":[0,0]},"_coverageSchema":"1a1c01bbd47fc00a2c39e90264f33305004495a9","hash":"679310d463eb798a17bb9fb1a98ce5a0534f0839"}
,"/Users/karimmaoulida/Downloads/ReactAdminV2/src/Components/Iframe/index.js": {"path":"/Users/karimmaoulida/Downloads/ReactAdminV2/src/Components/Iframe/index.js","statementMap":{"0":{"start":{"line":8,"column":26},"end":{"line":11,"column":1}},"1":{"start":{"line":9,"column":25},"end":{"line":9,"column":49}},"2":{"start":{"line":10,"column":4},"end":{"line":10,"column":90}},"3":{"start":{"line":13,"column":15},"end":{"line":19,"column":5}},"4":{"start":{"line":21,"column":20},"end":{"line":90,"column":1}},"5":{"start":{"line":93,"column":23},"end":{"line":126,"column":1}},"6":{"start":{"line":97,"column":32},"end":{"line":97,"column":54}},"7":{"start":{"line":98,"column":40},"end":{"line":98,"column":54}},"8":{"start":{"line":99,"column":22},"end":{"line":99,"column":63}},"9":{"start":{"line":100,"column":4},"end":{"line":100,"column":51}},"10":{"start":{"line":101,"column":4},"end":{"line":125,"column":16}}},"fnMap":{"0":{"name":"(anonymous_0)","decl":{"start":{"line":8,"column":26},"end":{"line":8,"column":27}},"loc":{"start":{"line":8,"column":37},"end":{"line":11,"column":1}},"line":8},"1":{"name":"(anonymous_1)","decl":{"start":{"line":93,"column":23},"end":{"line":93,"column":24}},"loc":{"start":{"line":96,"column":6},"end":{"line":126,"column":1}},"line":96}},"branchMap":{"0":{"loc":{"start":{"line":100,"column":4},"end":{"line":100,"column":50}},"type":"binary-expr","locations":[{"start":{"line":100,"column":4},"end":{"line":100,"column":13}},{"start":{"line":100,"column":17},"end":{"line":100,"column":50}}],"line":100},"1":{"loc":{"start":{"line":105,"column":22},"end":{"line":105,"column":71}},"type":"cond-expr","locations":[{"start":{"line":105,"column":41},"end":{"line":105,"column":62}},{"start":{"line":105,"column":65},"end":{"line":105,"column":71}}],"line":105},"2":{"loc":{"start":{"line":117,"column":13},"end":{"line":122,"column":35}},"type":"binary-expr","locations":[{"start":{"line":117,"column":13},"end":{"line":117,"column":22}},{"start":{"line":117,"column":26},"end":{"line":122,"column":35}}],"line":117}},"s":{"0":5,"1":0,"2":0,"3":5,"4":5,"5":5,"6":0,"7":0,"8":0,"9":0,"10":0},"f":{"0":0,"1":0},"b":{"0":[0,0],"1":[0,0],"2":[0,0]},"_coverageSchema":"1a1c01bbd47fc00a2c39e90264f33305004495a9","hash":"c6d95b5c33fe3b04b7020bc0d04363c6663fb608"}
,"/Users/karimmaoulida/Downloads/ReactAdminV2/src/Components/MediaUploader/index.js": {"path":"/Users/karimmaoulida/Downloads/ReactAdminV2/src/Components/MediaUploader/index.js","statementMap":{"0":{"start":{"line":7,"column":29},"end":{"line":34,"column":1}},"1":{"start":{"line":8,"column":32},"end":{"line":8,"column":54}},"2":{"start":{"line":10,"column":30},"end":{"line":14,"column":5}},"3":{"start":{"line":11,"column":20},"end":{"line":11,"column":54}},"4":{"start":{"line":12,"column":27},"end":{"line":12,"column":184}},"5":{"start":{"line":12,"column":56},"end":{"line":12,"column":183}},"6":{"start":{"line":13,"column":8},"end":{"line":13,"column":73}},"7":{"start":{"line":16,"column":4},"end":{"line":33,"column":15}},"8":{"start":{"line":19,"column":16},"end":{"line":19,"column":40}},"9":{"start":{"line":23,"column":34},"end":{"line":23,"column":42}},"10":{"start":{"line":24,"column":31},"end":{"line":24,"column":36}},"11":{"start":{"line":25,"column":31},"end":{"line":25,"column":47}},"12":{"start":{"line":26,"column":16},"end":{"line":29,"column":18}},"13":{"start":{"line":27,"column":39},"end":{"line":27,"column":47}},"14":{"start":{"line":28,"column":20},"end":{"line":28,"column":46}},"15":{"start":{"line":30,"column":16},"end":{"line":30,"column":43}}},"fnMap":{"0":{"name":"(anonymous_0)","decl":{"start":{"line":7,"column":29},"end":{"line":7,"column":30}},"loc":{"start":{"line":7,"column":48},"end":{"line":34,"column":1}},"line":7},"1":{"name":"(anonymous_1)","decl":{"start":{"line":10,"column":30},"end":{"line":10,"column":31}},"loc":{"start":{"line":10,"column":41},"end":{"line":14,"column":5}},"line":10},"2":{"name":"(anonymous_2)","decl":{"start":{"line":12,"column":48},"end":{"line":12,"column":49}},"loc":{"start":{"line":12,"column":56},"end":{"line":12,"column":183}},"line":12},"3":{"name":"(anonymous_3)","decl":{"start":{"line":18,"column":123},"end":{"line":18,"column":124}},"loc":{"start":{"line":18,"column":129},"end":{"line":20,"column":13}},"line":18},"4":{"name":"(anonymous_4)","decl":{"start":{"line":22,"column":41},"end":{"line":22,"column":42}},"loc":{"start":{"line":22,"column":48},"end":{"line":31,"column":13}},"line":22},"5":{"name":"(anonymous_5)","decl":{"start":{"line":26,"column":32},"end":{"line":26,"column":33}},"loc":{"start":{"line":26,"column":39},"end":{"line":29,"column":17}},"line":26}},"branchMap":{"0":{"loc":{"start":{"line":11,"column":20},"end":{"line":11,"column":54}},"type":"cond-expr","locations":[{"start":{"line":11,"column":28},"end":{"line":11,"column":45}},{"start":{"line":11,"column":48},"end":{"line":11,"column":54}}],"line":11},"1":{"loc":{"start":{"line":12,"column":111},"end":{"line":12,"column":157}},"type":"cond-expr","locations":[{"start":{"line":12,"column":133},"end":{"line":12,"column":152}},{"start":{"line":12,"column":155},"end":{"line":12,"column":157}}],"line":12},"2":{"loc":{"start":{"line":18,"column":13},"end":{"line":20,"column":37}},"type":"binary-expr","locations":[{"start":{"line":18,"column":14},"end":{"line":18,"column":50}},{"start":{"line":18,"column":54},"end":{"line":18,"column":101}},{"start":{"line":18,"column":106},"end":{"line":20,"column":37}}],"line":18}},"s":{"0":5,"1":0,"2":0,"3":0,"4":0,"5":0,"6":0,"7":0,"8":0,"9":0,"10":0,"11":0,"12":0,"13":0,"14":0,"15":0},"f":{"0":0,"1":0,"2":0,"3":0,"4":0,"5":0},"b":{"0":[0,0],"1":[0,0],"2":[0,0,0]},"_coverageSchema":"1a1c01bbd47fc00a2c39e90264f33305004495a9","hash":"7801704a63a88d8f8fbe6ac0aaaf531b1a6af123"}
,"/Users/karimmaoulida/Downloads/ReactAdminV2/src/Components/Portal/index.js": {"path":"/Users/karimmaoulida/Downloads/ReactAdminV2/src/Components/Portal/index.js","statementMap":{"0":{"start":{"line":4,"column":17},"end":{"line":7,"column":1}},"1":{"start":{"line":5,"column":19},"end":{"line":5,"column":35}},"2":{"start":{"line":6,"column":4},"end":{"line":6,"column":50}},"3":{"start":{"line":9,"column":14},"end":{"line":17,"column":1}},"4":{"start":{"line":10,"column":67},"end":{"line":10,"column":71}},"5":{"start":{"line":11,"column":21},"end":{"line":11,"column":49}},"6":{"start":{"line":12,"column":4},"end":{"line":12,"column":75}},"7":{"start":{"line":12,"column":56},"end":{"line":12,"column":73}},"8":{"start":{"line":13,"column":4},"end":{"line":13,"column":73}},"9":{"start":{"line":13,"column":41},"end":{"line":13,"column":71}},"10":{"start":{"line":14,"column":4},"end":{"line":14,"column":46}},"11":{"start":{"line":15,"column":4},"end":{"line":15,"column":81}},"12":{"start":{"line":15,"column":38},"end":{"line":15,"column":79}},"13":{"start":{"line":16,"column":4},"end":{"line":16,"column":20}},"14":{"start":{"line":19,"column":22},"end":{"line":35,"column":1}},"15":{"start":{"line":20,"column":4},"end":{"line":20,"column":32}},"16":{"start":{"line":21,"column":23},"end":{"line":21,"column":41}},"17":{"start":{"line":22,"column":4},"end":{"line":24,"column":5}},"18":{"start":{"line":23,"column":8},"end":{"line":23,"column":53}},"19":{"start":{"line":25,"column":28},"end":{"line":32,"column":6}},"20":{"start":{"line":33,"column":4},"end":{"line":33,"column":47}},"21":{"start":{"line":34,"column":4},"end":{"line":34,"column":51}}},"fnMap":{"0":{"name":"(anonymous_0)","decl":{"start":{"line":4,"column":17},"end":{"line":4,"column":18}},"loc":{"start":{"line":4,"column":37},"end":{"line":7,"column":1}},"line":4},"1":{"name":"(anonymous_1)","decl":{"start":{"line":9,"column":14},"end":{"line":9,"column":15}},"loc":{"start":{"line":9,"column":31},"end":{"line":17,"column":1}},"line":9},"2":{"name":"(anonymous_2)","decl":{"start":{"line":12,"column":51},"end":{"line":12,"column":52}},"loc":{"start":{"line":12,"column":56},"end":{"line":12,"column":73}},"line":12},"3":{"name":"(anonymous_3)","decl":{"start":{"line":13,"column":33},"end":{"line":13,"column":34}},"loc":{"start":{"line":13,"column":41},"end":{"line":13,"column":71}},"line":13},"4":{"name":"(anonymous_4)","decl":{"start":{"line":15,"column":29},"end":{"line":15,"column":30}},"loc":{"start":{"line":15,"column":38},"end":{"line":15,"column":79}},"line":15},"5":{"name":"(anonymous_5)","decl":{"start":{"line":19,"column":22},"end":{"line":19,"column":23}},"loc":{"start":{"line":19,"column":73},"end":{"line":35,"column":1}},"line":19}},"branchMap":{"0":{"loc":{"start":{"line":5,"column":19},"end":{"line":5,"column":35}},"type":"binary-expr","locations":[{"start":{"line":5,"column":19},"end":{"line":5,"column":23}},{"start":{"line":5,"column":27},"end":{"line":5,"column":35}}],"line":5},"1":{"loc":{"start":{"line":10,"column":12},"end":{"line":10,"column":24}},"type":"default-arg","locations":[{"start":{"line":10,"column":19},"end":{"line":10,"column":24}}],"line":10},"2":{"loc":{"start":{"line":12,"column":4},"end":{"line":12,"column":74}},"type":"binary-expr","locations":[{"start":{"line":12,"column":4},"end":{"line":12,"column":9}},{"start":{"line":12,"column":13},"end":{"line":12,"column":74}}],"line":12},"3":{"loc":{"start":{"line":13,"column":4},"end":{"line":13,"column":72}},"type":"binary-expr","locations":[{"start":{"line":13,"column":4},"end":{"line":13,"column":14}},{"start":{"line":13,"column":18},"end":{"line":13,"column":72}}],"line":13},"4":{"loc":{"start":{"line":14,"column":4},"end":{"line":14,"column":45}},"type":"binary-expr","locations":[{"start":{"line":14,"column":4},"end":{"line":14,"column":11}},{"start":{"line":14,"column":16},"end":{"line":14,"column":44}}],"line":14},"5":{"loc":{"start":{"line":15,"column":4},"end":{"line":15,"column":80}},"type":"binary-expr","locations":[{"start":{"line":15,"column":4},"end":{"line":15,"column":12}},{"start":{"line":15,"column":16},"end":{"line":15,"column":80}}],"line":15},"6":{"loc":{"start":{"line":19,"column":35},"end":{"line":19,"column":48}},"type":"default-arg","locations":[{"start":{"line":19,"column":40},"end":{"line":19,"column":48}}],"line":19},"7":{"loc":{"start":{"line":20,"column":16},"end":{"line":20,"column":31}},"type":"binary-expr","locations":[{"start":{"line":20,"column":16},"end":{"line":20,"column":25}},{"start":{"line":20,"column":29},"end":{"line":20,"column":31}}],"line":20},"8":{"loc":{"start":{"line":22,"column":4},"end":{"line":24,"column":5}},"type":"if","locations":[{"start":{"line":22,"column":4},"end":{"line":24,"column":5}},{"start":{},"end":{}}],"line":22}},"s":{"0":5,"1":11,"2":11,"3":5,"4":4,"5":4,"6":4,"7":0,"8":4,"9":12,"10":4,"11":4,"12":0,"13":4,"14":5,"15":11,"16":11,"17":11,"18":7,"19":4,"20":4,"21":4},"f":{"0":11,"1":4,"2":0,"3":12,"4":0,"5":11},"b":{"0":[11,11],"1":[4],"2":[4,0],"3":[4,4],"4":[4,0],"5":[4,0],"6":[0],"7":[11,11],"8":[7,4]},"_coverageSchema":"1a1c01bbd47fc00a2c39e90264f33305004495a9","hash":"8f6c6f2afcf53fa206e5ffbe8bd043472d1d9c1a"}
,"/Users/karimmaoulida/Downloads/ReactAdminV2/src/Components/Remove/index.js": {"path":"/Users/karimmaoulida/Downloads/ReactAdminV2/src/Components/Remove/index.js","statementMap":{"0":{"start":{"line":6,"column":22},"end":{"line":28,"column":1}},"1":{"start":{"line":8,"column":32},"end":{"line":8,"column":54}},"2":{"start":{"line":10,"column":25},"end":{"line":18,"column":5}},"3":{"start":{"line":11,"column":23},"end":{"line":11,"column":95}},"4":{"start":{"line":12,"column":27},"end":{"line":12,"column":66}},"5":{"start":{"line":13,"column":26},"end":{"line":13,"column":75}},"6":{"start":{"line":13,"column":55},"end":{"line":13,"column":74}},"7":{"start":{"line":14,"column":8},"end":{"line":14,"column":40}},"8":{"start":{"line":15,"column":26},"end":{"line":15,"column":36}},"9":{"start":{"line":16,"column":27},"end":{"line":16,"column":136}},"10":{"start":{"line":16,"column":56},"end":{"line":16,"column":135}},"11":{"start":{"line":17,"column":8},"end":{"line":17,"column":56}},"12":{"start":{"line":21,"column":4},"end":{"line":27,"column":15}}},"fnMap":{"0":{"name":"(anonymous_0)","decl":{"start":{"line":6,"column":22},"end":{"line":6,"column":23}},"loc":{"start":{"line":6,"column":36},"end":{"line":28,"column":1}},"line":6},"1":{"name":"(anonymous_1)","decl":{"start":{"line":10,"column":25},"end":{"line":10,"column":26}},"loc":{"start":{"line":10,"column":31},"end":{"line":18,"column":5}},"line":10},"2":{"name":"(anonymous_2)","decl":{"start":{"line":13,"column":47},"end":{"line":13,"column":48}},"loc":{"start":{"line":13,"column":55},"end":{"line":13,"column":74}},"line":13},"3":{"name":"(anonymous_3)","decl":{"start":{"line":16,"column":48},"end":{"line":16,"column":49}},"loc":{"start":{"line":16,"column":56},"end":{"line":16,"column":135}},"line":16}},"branchMap":{"0":{"loc":{"start":{"line":11,"column":23},"end":{"line":11,"column":95}},"type":"cond-expr","locations":[{"start":{"line":11,"column":37},"end":{"line":11,"column":76}},{"start":{"line":11,"column":79},"end":{"line":11,"column":95}}],"line":11},"1":{"loc":{"start":{"line":12,"column":27},"end":{"line":12,"column":66}},"type":"cond-expr","locations":[{"start":{"line":12,"column":41},"end":{"line":12,"column":57}},{"start":{"line":12,"column":60},"end":{"line":12,"column":66}}],"line":12},"2":{"loc":{"start":{"line":16,"column":91},"end":{"line":16,"column":122}},"type":"cond-expr","locations":[{"start":{"line":16,"column":105},"end":{"line":16,"column":115}},{"start":{"line":16,"column":118},"end":{"line":16,"column":122}}],"line":16}},"s":{"0":5,"1":0,"2":0,"3":0,"4":0,"5":0,"6":0,"7":0,"8":0,"9":0,"10":0,"11":0,"12":0},"f":{"0":0,"1":0,"2":0,"3":0},"b":{"0":[0,0],"1":[0,0],"2":[0,0]},"_coverageSchema":"1a1c01bbd47fc00a2c39e90264f33305004495a9","hash":"3f699bb340eb0758429a8b21e64c481584a82570"}
,"/Users/karimmaoulida/Downloads/ReactAdminV2/src/Components/Reorder/index.js": {"path":"/Users/karimmaoulida/Downloads/ReactAdminV2/src/Components/Reorder/index.js","statementMap":{"0":{"start":{"line":6,"column":23},"end":{"line":40,"column":1}},"1":{"start":{"line":8,"column":32},"end":{"line":8,"column":54}},"2":{"start":{"line":10,"column":30},"end":{"line":23,"column":5}},"3":{"start":{"line":11,"column":23},"end":{"line":11,"column":95}},"4":{"start":{"line":12,"column":27},"end":{"line":12,"column":62}},"5":{"start":{"line":13,"column":29},"end":{"line":13,"column":78}},"6":{"start":{"line":13,"column":58},"end":{"line":13,"column":77}},"7":{"start":{"line":14,"column":25},"end":{"line":14,"column":81}},"8":{"start":{"line":15,"column":8},"end":{"line":15,"column":66}},"9":{"start":{"line":15,"column":59},"end":{"line":15,"column":66}},"10":{"start":{"line":16,"column":8},"end":{"line":16,"column":104}},"11":{"start":{"line":17,"column":8},"end":{"line":21,"column":9}},"12":{"start":{"line":18,"column":12},"end":{"line":18,"column":107}},"13":{"start":{"line":18,"column":50},"end":{"line":18,"column":105}},"14":{"start":{"line":20,"column":12},"end":{"line":20,"column":42}},"15":{"start":{"line":22,"column":8},"end":{"line":22,"column":79}},"16":{"start":{"line":26,"column":4},"end":{"line":39,"column":15}},"17":{"start":{"line":28,"column":35},"end":{"line":28,"column":77}},"18":{"start":{"line":33,"column":35},"end":{"line":33,"column":79}}},"fnMap":{"0":{"name":"(anonymous_0)","decl":{"start":{"line":6,"column":23},"end":{"line":6,"column":24}},"loc":{"start":{"line":6,"column":83},"end":{"line":40,"column":1}},"line":6},"1":{"name":"(anonymous_1)","decl":{"start":{"line":10,"column":30},"end":{"line":10,"column":31}},"loc":{"start":{"line":10,"column":49},"end":{"line":23,"column":5}},"line":10},"2":{"name":"(anonymous_2)","decl":{"start":{"line":13,"column":50},"end":{"line":13,"column":51}},"loc":{"start":{"line":13,"column":58},"end":{"line":13,"column":77}},"line":13},"3":{"name":"(anonymous_3)","decl":{"start":{"line":18,"column":33},"end":{"line":18,"column":34}},"loc":{"start":{"line":18,"column":50},"end":{"line":18,"column":105}},"line":18},"4":{"name":"(anonymous_4)","decl":{"start":{"line":28,"column":29},"end":{"line":28,"column":30}},"loc":{"start":{"line":28,"column":35},"end":{"line":28,"column":77}},"line":28},"5":{"name":"(anonymous_5)","decl":{"start":{"line":33,"column":29},"end":{"line":33,"column":30}},"loc":{"start":{"line":33,"column":35},"end":{"line":33,"column":79}},"line":33}},"branchMap":{"0":{"loc":{"start":{"line":6,"column":32},"end":{"line":6,"column":42}},"type":"default-arg","locations":[{"start":{"line":6,"column":38},"end":{"line":6,"column":42}}],"line":6},"1":{"loc":{"start":{"line":6,"column":44},"end":{"line":6,"column":57}},"type":"default-arg","locations":[{"start":{"line":6,"column":51},"end":{"line":6,"column":57}}],"line":6},"2":{"loc":{"start":{"line":6,"column":59},"end":{"line":6,"column":76}},"type":"default-arg","locations":[{"start":{"line":6,"column":66},"end":{"line":6,"column":76}}],"line":6},"3":{"loc":{"start":{"line":11,"column":23},"end":{"line":11,"column":95}},"type":"cond-expr","locations":[{"start":{"line":11,"column":37},"end":{"line":11,"column":76}},{"start":{"line":11,"column":79},"end":{"line":11,"column":95}}],"line":11},"4":{"loc":{"start":{"line":12,"column":27},"end":{"line":12,"column":62}},"type":"cond-expr","locations":[{"start":{"line":12,"column":41},"end":{"line":12,"column":53}},{"start":{"line":12,"column":56},"end":{"line":12,"column":62}}],"line":12},"5":{"loc":{"start":{"line":14,"column":25},"end":{"line":14,"column":81}},"type":"cond-expr","locations":[{"start":{"line":14,"column":46},"end":{"line":14,"column":62}},{"start":{"line":14,"column":65},"end":{"line":14,"column":81}}],"line":14},"6":{"loc":{"start":{"line":15,"column":8},"end":{"line":15,"column":66}},"type":"if","locations":[{"start":{"line":15,"column":8},"end":{"line":15,"column":66}},{"start":{},"end":{}}],"line":15},"7":{"loc":{"start":{"line":15,"column":12},"end":{"line":15,"column":57}},"type":"binary-expr","locations":[{"start":{"line":15,"column":12},"end":{"line":15,"column":24}},{"start":{"line":15,"column":28},"end":{"line":15,"column":57}}],"line":15},"8":{"loc":{"start":{"line":17,"column":8},"end":{"line":21,"column":9}},"type":"if","locations":[{"start":{"line":17,"column":8},"end":{"line":21,"column":9}},{"start":{"line":19,"column":15},"end":{"line":21,"column":9}}],"line":17}},"s":{"0":5,"1":0,"2":0,"3":0,"4":0,"5":0,"6":0,"7":0,"8":0,"9":0,"10":0,"11":0,"12":0,"13":0,"14":0,"15":0,"16":0,"17":0,"18":0},"f":{"0":0,"1":0,"2":0,"3":0,"4":0,"5":0},"b":{"0":[0],"1":[0],"2":[0],"3":[0,0],"4":[0,0],"5":[0,0],"6":[0,0],"7":[0,0],"8":[0,0]},"_coverageSchema":"1a1c01bbd47fc00a2c39e90264f33305004495a9","hash":"975cb983e7004a9ec9bb4becdfe56845fb55c2c2"}
,"/Users/karimmaoulida/Downloads/ReactAdminV2/src/Pages/Editor/Urls.js": {"path":"/Users/karimmaoulida/Downloads/ReactAdminV2/src/Pages/Editor/Urls.js","statementMap":{"0":{"start":{"line":1,"column":16},"end":{"line":55,"column":1}}},"fnMap":{},"branchMap":{},"s":{"0":1},"f":{},"b":{},"_coverageSchema":"1a1c01bbd47fc00a2c39e90264f33305004495a9","hash":"7746d39d3a59cf320171ce2eab994f23e1974f71"}
,"/Users/karimmaoulida/Downloads/ReactAdminV2/src/Pages/Editor/index.js": {"path":"/Users/karimmaoulida/Downloads/ReactAdminV2/src/Pages/Editor/index.js","statementMap":{"0":{"start":{"line":17,"column":13},"end":{"line":27,"column":1}},"1":{"start":{"line":18,"column":4},"end":{"line":26,"column":15}},"2":{"start":{"line":20,"column":30},"end":{"line":20,"column":121}},"3":{"start":{"line":21,"column":12},"end":{"line":21,"column":40}},"4":{"start":{"line":21,"column":28},"end":{"line":21,"column":40}},"5":{"start":{"line":22,"column":12},"end":{"line":24,"column":24}},"6":{"start":{"line":31,"column":15},"end":{"line":284,"column":1}},"7":{"start":{"line":32,"column":32},"end":{"line":32,"column":54}},"8":{"start":{"line":33,"column":23},"end":{"line":33,"column":67}},"9":{"start":{"line":34,"column":30},"end":{"line":34,"column":42}},"10":{"start":{"line":35,"column":34},"end":{"line":35,"column":49}},"11":{"start":{"line":38,"column":28},"end":{"line":42,"column":5}},"12":{"start":{"line":39,"column":8},"end":{"line":39,"column":63}},"13":{"start":{"line":40,"column":8},"end":{"line":40,"column":47}},"14":{"start":{"line":43,"column":4},"end":{"line":55,"column":10}},"15":{"start":{"line":44,"column":8},"end":{"line":53,"column":15}},"16":{"start":{"line":45,"column":25},"end":{"line":45,"column":50}},"17":{"start":{"line":46,"column":35},"end":{"line":46,"column":64}},"18":{"start":{"line":47,"column":12},"end":{"line":49,"column":13}},"19":{"start":{"line":48,"column":16},"end":{"line":48,"column":70}},"20":{"start":{"line":50,"column":12},"end":{"line":52,"column":13}},"21":{"start":{"line":51,"column":16},"end":{"line":51,"column":75}},"22":{"start":{"line":57,"column":21},"end":{"line":64,"column":5}},"23":{"start":{"line":58,"column":25},"end":{"line":58,"column":66}},"24":{"start":{"line":59,"column":25},"end":{"line":59,"column":33}},"25":{"start":{"line":60,"column":8},"end":{"line":60,"column":36}},"26":{"start":{"line":61,"column":8},"end":{"line":63,"column":9}},"27":{"start":{"line":62,"column":12},"end":{"line":62,"column":27}},"28":{"start":{"line":66,"column":4},"end":{"line":70,"column":10}},"29":{"start":{"line":67,"column":8},"end":{"line":67,"column":75}},"30":{"start":{"line":68,"column":8},"end":{"line":68,"column":68}},"31":{"start":{"line":69,"column":8},"end":{"line":69,"column":19}},"32":{"start":{"line":72,"column":4},"end":{"line":75,"column":16}},"33":{"start":{"line":73,"column":8},"end":{"line":73,"column":53}},"34":{"start":{"line":74,"column":8},"end":{"line":74,"column":61}},"35":{"start":{"line":77,"column":17},"end":{"line":77,"column":60}},"36":{"start":{"line":79,"column":4},"end":{"line":283,"column":6}},"37":{"start":{"line":109,"column":36},"end":{"line":109,"column":64}},"38":{"start":{"line":110,"column":36},"end":{"line":110,"column":51}},"39":{"start":{"line":113,"column":50},"end":{"line":113,"column":64}},"40":{"start":{"line":114,"column":36},"end":{"line":114,"column":55}},"41":{"start":{"line":115,"column":36},"end":{"line":115,"column":55}},"42":{"start":{"line":115,"column":48},"end":{"line":115,"column":55}},"43":{"start":{"line":116,"column":47},"end":{"line":116,"column":49}},"44":{"start":{"line":117,"column":36},"end":{"line":124,"column":37}},"45":{"start":{"line":118,"column":40},"end":{"line":118,"column":103}},"46":{"start":{"line":118,"column":71},"end":{"line":118,"column":87}},"47":{"start":{"line":119,"column":53},"end":{"line":119,"column":89}},"48":{"start":{"line":119,"column":72},"end":{"line":119,"column":88}},"49":{"start":{"line":120,"column":40},"end":{"line":120,"column":67}},"50":{"start":{"line":121,"column":40},"end":{"line":121,"column":109}},"51":{"start":{"line":121,"column":77},"end":{"line":121,"column":93}},"52":{"start":{"line":123,"column":40},"end":{"line":123,"column":59}},"53":{"start":{"line":125,"column":36},"end":{"line":125,"column":73}},"54":{"start":{"line":126,"column":36},"end":{"line":126,"column":160}},"55":{"start":{"line":127,"column":36},"end":{"line":127,"column":91}},"56":{"start":{"line":131,"column":36},"end":{"line":131,"column":104}},"57":{"start":{"line":135,"column":32},"end":{"line":148,"column":37}},"58":{"start":{"line":136,"column":50},"end":{"line":136,"column":64}},"59":{"start":{"line":137,"column":36},"end":{"line":137,"column":55}},"60":{"start":{"line":137,"column":48},"end":{"line":137,"column":55}},"61":{"start":{"line":138,"column":52},"end":{"line":140,"column":38}},"62":{"start":{"line":141,"column":36},"end":{"line":141,"column":62}},"63":{"start":{"line":142,"column":36},"end":{"line":146,"column":37}},"64":{"start":{"line":143,"column":40},"end":{"line":143,"column":92}},"65":{"start":{"line":144,"column":40},"end":{"line":144,"column":102}},"66":{"start":{"line":145,"column":40},"end":{"line":145,"column":51}},"67":{"start":{"line":147,"column":36},"end":{"line":147,"column":54}},"68":{"start":{"line":153,"column":60},"end":{"line":153,"column":91}},"69":{"start":{"line":166,"column":60},"end":{"line":166,"column":102}},"70":{"start":{"line":181,"column":60},"end":{"line":181,"column":100}},"71":{"start":{"line":203,"column":39},"end":{"line":203,"column":41}},"72":{"start":{"line":204,"column":42},"end":{"line":204,"column":64}},"73":{"start":{"line":205,"column":43},"end":{"line":205,"column":146}},"74":{"start":{"line":206,"column":46},"end":{"line":206,"column":66}},"75":{"start":{"line":207,"column":41},"end":{"line":207,"column":64}},"76":{"start":{"line":208,"column":42},"end":{"line":208,"column":57}},"77":{"start":{"line":209,"column":28},"end":{"line":209,"column":57}},"78":{"start":{"line":210,"column":28},"end":{"line":210,"column":76}},"79":{"start":{"line":212,"column":32},"end":{"line":214,"column":33}},"80":{"start":{"line":213,"column":36},"end":{"line":213,"column":100}},"81":{"start":{"line":215,"column":32},"end":{"line":215,"column":46}},"82":{"start":{"line":217,"column":28},"end":{"line":230,"column":33}},"83":{"start":{"line":218,"column":68},"end":{"line":218,"column":73}},"84":{"start":{"line":219,"column":49},"end":{"line":222,"column":34}},"85":{"start":{"line":223,"column":49},"end":{"line":223,"column":57}},"86":{"start":{"line":224,"column":32},"end":{"line":224,"column":54}},"87":{"start":{"line":225,"column":32},"end":{"line":229,"column":33}},"88":{"start":{"line":226,"column":36},"end":{"line":226,"column":47}},"89":{"start":{"line":227,"column":36},"end":{"line":227,"column":73}},"90":{"start":{"line":228,"column":36},"end":{"line":228,"column":84}},"91":{"start":{"line":239,"column":51},"end":{"line":239,"column":68}},"92":{"start":{"line":240,"column":32},"end":{"line":245,"column":35}},"93":{"start":{"line":246,"column":32},"end":{"line":249,"column":35}},"94":{"start":{"line":269,"column":32},"end":{"line":269,"column":59}}},"fnMap":{"0":{"name":"(anonymous_0)","decl":{"start":{"line":17,"column":13},"end":{"line":17,"column":14}},"loc":{"start":{"line":17,"column":48},"end":{"line":27,"column":1}},"line":17},"1":{"name":"(anonymous_1)","decl":{"start":{"line":19,"column":27},"end":{"line":19,"column":28}},"loc":{"start":{"line":19,"column":44},"end":{"line":25,"column":9}},"line":19},"2":{"name":"(anonymous_2)","decl":{"start":{"line":31,"column":15},"end":{"line":31,"column":16}},"loc":{"start":{"line":31,"column":38},"end":{"line":284,"column":1}},"line":31},"3":{"name":"(anonymous_3)","decl":{"start":{"line":38,"column":28},"end":{"line":38,"column":29}},"loc":{"start":{"line":38,"column":48},"end":{"line":42,"column":5}},"line":38},"4":{"name":"(anonymous_4)","decl":{"start":{"line":43,"column":14},"end":{"line":43,"column":15}},"loc":{"start":{"line":43,"column":20},"end":{"line":55,"column":5}},"line":43},"5":{"name":"(anonymous_5)","decl":{"start":{"line":44,"column":19},"end":{"line":44,"column":20}},"loc":{"start":{"line":44,"column":25},"end":{"line":53,"column":9}},"line":44},"6":{"name":"(anonymous_6)","decl":{"start":{"line":57,"column":21},"end":{"line":57,"column":22}},"loc":{"start":{"line":57,"column":33},"end":{"line":64,"column":5}},"line":57},"7":{"name":"(anonymous_7)","decl":{"start":{"line":66,"column":14},"end":{"line":66,"column":15}},"loc":{"start":{"line":66,"column":20},"end":{"line":70,"column":5}},"line":66},"8":{"name":"(anonymous_8)","decl":{"start":{"line":72,"column":14},"end":{"line":72,"column":15}},"loc":{"start":{"line":72,"column":20},"end":{"line":75,"column":5}},"line":72},"9":{"name":"(anonymous_9)","decl":{"start":{"line":108,"column":41},"end":{"line":108,"column":42}},"loc":{"start":{"line":108,"column":46},"end":{"line":111,"column":33}},"line":108},"10":{"name":"(anonymous_10)","decl":{"start":{"line":112,"column":42},"end":{"line":112,"column":43}},"loc":{"start":{"line":112,"column":47},"end":{"line":128,"column":33}},"line":112},"11":{"name":"(anonymous_11)","decl":{"start":{"line":118,"column":63},"end":{"line":118,"column":64}},"loc":{"start":{"line":118,"column":71},"end":{"line":118,"column":87}},"line":118},"12":{"name":"(anonymous_12)","decl":{"start":{"line":119,"column":64},"end":{"line":119,"column":65}},"loc":{"start":{"line":119,"column":72},"end":{"line":119,"column":88}},"line":119},"13":{"name":"(anonymous_13)","decl":{"start":{"line":121,"column":69},"end":{"line":121,"column":70}},"loc":{"start":{"line":121,"column":77},"end":{"line":121,"column":93}},"line":121},"14":{"name":"(anonymous_14)","decl":{"start":{"line":130,"column":44},"end":{"line":130,"column":45}},"loc":{"start":{"line":130,"column":61},"end":{"line":132,"column":33}},"line":130},"15":{"name":"(anonymous_15)","decl":{"start":{"line":134,"column":72},"end":{"line":134,"column":73}},"loc":{"start":{"line":134,"column":77},"end":{"line":149,"column":29}},"line":134},"16":{"name":"(anonymous_16)","decl":{"start":{"line":135,"column":33},"end":{"line":135,"column":34}},"loc":{"start":{"line":135,"column":45},"end":{"line":148,"column":33}},"line":135},"17":{"name":"(anonymous_17)","decl":{"start":{"line":153,"column":54},"end":{"line":153,"column":55}},"loc":{"start":{"line":153,"column":60},"end":{"line":153,"column":91}},"line":153},"18":{"name":"(anonymous_18)","decl":{"start":{"line":166,"column":54},"end":{"line":166,"column":55}},"loc":{"start":{"line":166,"column":60},"end":{"line":166,"column":102}},"line":166},"19":{"name":"(anonymous_19)","decl":{"start":{"line":181,"column":54},"end":{"line":181,"column":55}},"loc":{"start":{"line":181,"column":60},"end":{"line":181,"column":100}},"line":181},"20":{"name":"(anonymous_20)","decl":{"start":{"line":202,"column":66},"end":{"line":202,"column":67}},"loc":{"start":{"line":202,"column":71},"end":{"line":231,"column":25}},"line":202},"21":{"name":"remplaçant","decl":{"start":{"line":211,"column":37},"end":{"line":211,"column":47}},"loc":{"start":{"line":211,"column":61},"end":{"line":216,"column":29}},"line":211},"22":{"name":"(anonymous_22)","decl":{"start":{"line":217,"column":29},"end":{"line":217,"column":30}},"loc":{"start":{"line":217,"column":41},"end":{"line":230,"column":29}},"line":217},"23":{"name":"(anonymous_23)","decl":{"start":{"line":238,"column":28},"end":{"line":238,"column":29}},"loc":{"start":{"line":238,"column":34},"end":{"line":250,"column":29}},"line":238},"24":{"name":"(anonymous_24)","decl":{"start":{"line":268,"column":45},"end":{"line":268,"column":46}},"loc":{"start":{"line":268,"column":50},"end":{"line":270,"column":29}},"line":268}},"branchMap":{"0":{"loc":{"start":{"line":19,"column":9},"end":{"line":25,"column":10}},"type":"binary-expr","locations":[{"start":{"line":19,"column":9},"end":{"line":19,"column":13}},{"start":{"line":19,"column":17},"end":{"line":25,"column":10}}],"line":19},"1":{"loc":{"start":{"line":20,"column":30},"end":{"line":20,"column":121}},"type":"cond-expr","locations":[{"start":{"line":20,"column":66},"end":{"line":20,"column":95}},{"start":{"line":20,"column":98},"end":{"line":20,"column":121}}],"line":20},"2":{"loc":{"start":{"line":20,"column":31},"end":{"line":20,"column":62}},"type":"binary-expr","locations":[{"start":{"line":20,"column":31},"end":{"line":20,"column":54}},{"start":{"line":20,"column":58},"end":{"line":20,"column":62}}],"line":20},"3":{"loc":{"start":{"line":21,"column":12},"end":{"line":21,"column":40}},"type":"if","locations":[{"start":{"line":21,"column":12},"end":{"line":21,"column":40}},{"start":{},"end":{}}],"line":21},"4":{"loc":{"start":{"line":23,"column":17},"end":{"line":23,"column":136}},"type":"binary-expr","locations":[{"start":{"line":23,"column":17},"end":{"line":23,"column":30}},{"start":{"line":23,"column":34},"end":{"line":23,"column":136}}],"line":23},"5":{"loc":{"start":{"line":31,"column":24},"end":{"line":31,"column":31}},"type":"default-arg","locations":[{"start":{"line":31,"column":29},"end":{"line":31,"column":31}}],"line":31},"6":{"loc":{"start":{"line":47,"column":12},"end":{"line":49,"column":13}},"type":"if","locations":[{"start":{"line":47,"column":12},"end":{"line":49,"column":13}},{"start":{},"end":{}}],"line":47},"7":{"loc":{"start":{"line":50,"column":12},"end":{"line":52,"column":13}},"type":"if","locations":[{"start":{"line":50,"column":12},"end":{"line":52,"column":13}},{"start":{},"end":{}}],"line":50},"8":{"loc":{"start":{"line":61,"column":8},"end":{"line":63,"column":9}},"type":"if","locations":[{"start":{"line":61,"column":8},"end":{"line":63,"column":9}},{"start":{},"end":{}}],"line":61},"9":{"loc":{"start":{"line":61,"column":12},"end":{"line":61,"column":66}},"type":"binary-expr","locations":[{"start":{"line":61,"column":12},"end":{"line":61,"column":16}},{"start":{"line":61,"column":20},"end":{"line":61,"column":43}},{"start":{"line":61,"column":47},"end":{"line":61,"column":66}}],"line":61},"10":{"loc":{"start":{"line":67,"column":8},"end":{"line":67,"column":74}},"type":"binary-expr","locations":[{"start":{"line":67,"column":8},"end":{"line":67,"column":16}},{"start":{"line":67,"column":20},"end":{"line":67,"column":74}}],"line":67},"11":{"loc":{"start":{"line":68,"column":8},"end":{"line":68,"column":67}},"type":"binary-expr","locations":[{"start":{"line":68,"column":8},"end":{"line":68,"column":16}},{"start":{"line":68,"column":20},"end":{"line":68,"column":67}}],"line":68},"12":{"loc":{"start":{"line":77,"column":17},"end":{"line":77,"column":60}},"type":"cond-expr","locations":[{"start":{"line":77,"column":37},"end":{"line":77,"column":53}},{"start":{"line":77,"column":56},"end":{"line":77,"column":60}}],"line":77},"13":{"loc":{"start":{"line":115,"column":36},"end":{"line":115,"column":55}},"type":"if","locations":[{"start":{"line":115,"column":36},"end":{"line":115,"column":55}},{"start":{},"end":{}}],"line":115},"14":{"loc":{"start":{"line":126,"column":82},"end":{"line":126,"column":156}},"type":"cond-expr","locations":[{"start":{"line":126,"column":136},"end":{"line":126,"column":151}},{"start":{"line":126,"column":154},"end":{"line":126,"column":156}}],"line":126},"15":{"loc":{"start":{"line":126,"column":83},"end":{"line":126,"column":132}},"type":"binary-expr","locations":[{"start":{"line":126,"column":83},"end":{"line":126,"column":98}},{"start":{"line":126,"column":102},"end":{"line":126,"column":132}}],"line":126},"16":{"loc":{"start":{"line":134,"column":29},"end":{"line":149,"column":128}},"type":"cond-expr","locations":[{"start":{"line":134,"column":45},"end":{"line":149,"column":33}},{"start":{"line":149,"column":36},"end":{"line":149,"column":128}}],"line":134},"17":{"loc":{"start":{"line":137,"column":36},"end":{"line":137,"column":55}},"type":"if","locations":[{"start":{"line":137,"column":36},"end":{"line":137,"column":55}},{"start":{},"end":{}}],"line":137},"18":{"loc":{"start":{"line":142,"column":36},"end":{"line":146,"column":37}},"type":"if","locations":[{"start":{"line":142,"column":36},"end":{"line":146,"column":37}},{"start":{},"end":{}}],"line":142},"19":{"loc":{"start":{"line":156,"column":37},"end":{"line":156,"column":136}},"type":"binary-expr","locations":[{"start":{"line":156,"column":37},"end":{"line":156,"column":64}},{"start":{"line":156,"column":68},"end":{"line":156,"column":136}}],"line":156},"20":{"loc":{"start":{"line":169,"column":37},"end":{"line":169,"column":137}},"type":"binary-expr","locations":[{"start":{"line":169,"column":37},"end":{"line":169,"column":65}},{"start":{"line":169,"column":69},"end":{"line":169,"column":137}}],"line":169},"21":{"loc":{"start":{"line":184,"column":37},"end":{"line":184,"column":135}},"type":"binary-expr","locations":[{"start":{"line":184,"column":37},"end":{"line":184,"column":63}},{"start":{"line":184,"column":67},"end":{"line":184,"column":135}}],"line":184},"22":{"loc":{"start":{"line":212,"column":32},"end":{"line":214,"column":33}},"type":"if","locations":[{"start":{"line":212,"column":32},"end":{"line":214,"column":33}},{"start":{},"end":{}}],"line":212},"23":{"loc":{"start":{"line":225,"column":32},"end":{"line":229,"column":33}},"type":"if","locations":[{"start":{"line":225,"column":32},"end":{"line":229,"column":33}},{"start":{},"end":{}}],"line":225},"24":{"loc":{"start":{"line":225,"column":36},"end":{"line":225,"column":66}},"type":"binary-expr","locations":[{"start":{"line":225,"column":36},"end":{"line":225,"column":40}},{"start":{"line":225,"column":44},"end":{"line":225,"column":66}}],"line":225}},"s":{"0":1,"1":8,"2":12,"3":12,"4":0,"5":12,"6":1,"7":1,"8":1,"9":1,"10":1,"11":1,"12":0,"13":0,"14":1,"15":1,"16":0,"17":0,"18":0,"19":0,"20":0,"21":0,"22":1,"23":1,"24":0,"25":0,"26":0,"27":0,"28":1,"29":1,"30":1,"31":1,"32":1,"33":1,"34":1,"35":1,"36":1,"37":0,"38":0,"39":0,"40":0,"41":0,"42":0,"43":0,"44":0,"45":0,"46":0,"47":0,"48":0,"49":0,"50":0,"51":0,"52":0,"53":0,"54":0,"55":0,"56":0,"57":0,"58":0,"59":0,"60":0,"61":0,"62":0,"63":0,"64":0,"65":0,"66":0,"67":0,"68":0,"69":0,"70":0,"71":0,"72":0,"73":0,"74":0,"75":0,"76":0,"77":0,"78":0,"79":0,"80":0,"81":0,"82":0,"83":0,"84":0,"85":0,"86":0,"87":0,"88":0,"89":0,"90":0,"91":0,"92":0,"93":0,"94":0},"f":{"0":8,"1":12,"2":1,"3":0,"4":1,"5":0,"6":1,"7":1,"8":1,"9":0,"10":0,"11":0,"12":0,"13":0,"14":0,"15":0,"16":0,"17":0,"18":0,"19":0,"20":0,"21":0,"22":0,"23":0,"24":0},"b":{"0":[8,8],"1":[6,6],"2":[12,12],"3":[0,12],"4":[12,12],"5":[0],"6":[0,0],"7":[0,0],"8":[0,0],"9":[0,0,0],"10":[1,0],"11":[1,0],"12":[0,1],"13":[0,0],"14":[0,0],"15":[0,0],"16":[1,0],"17":[0,0],"18":[0,0],"19":[1,0],"20":[1,0],"21":[1,0],"22":[0,0],"23":[0,0],"24":[0,0]},"_coverageSchema":"1a1c01bbd47fc00a2c39e90264f33305004495a9","hash":"7096f859c6aca4848596f1051fb03a9916e6d823"}
,"/Users/karimmaoulida/Downloads/ReactAdminV2/src/Pages/Editor/mocks.js": {"path":"/Users/karimmaoulida/Downloads/ReactAdminV2/src/Pages/Editor/mocks.js","statementMap":{},"fnMap":{},"branchMap":{},"s":{},"f":{},"b":{},"_coverageSchema":"1a1c01bbd47fc00a2c39e90264f33305004495a9","hash":"3b488c6723385895424da0b3f03dc56009fbc999"}
,"/Users/karimmaoulida/Downloads/ReactAdminV2/src/Pages/Editor/style.js": {"path":"/Users/karimmaoulida/Downloads/ReactAdminV2/src/Pages/Editor/style.js","statementMap":{"0":{"start":{"line":4,"column":15},"end":{"line":38,"column":1}},"1":{"start":{"line":40,"column":19},"end":{"line":95,"column":5}},"2":{"start":{"line":97,"column":15},"end":{"line":107,"column":5}}},"fnMap":{},"branchMap":{},"s":{"0":1,"1":1,"2":1},"f":{},"b":{},"_coverageSchema":"1a1c01bbd47fc00a2c39e90264f33305004495a9","hash":"d59cd88a84a1b679ae06dd9fbc97df849646979d"}
,"/Users/karimmaoulida/Downloads/ReactAdminV2/src/Pages/Editor/Component/index.js": {"path":"/Users/karimmaoulida/Downloads/ReactAdminV2/src/Pages/Editor/Component/index.js","statementMap":{},"fnMap":{},"branchMap":{},"s":{},"f":{},"b":{},"_coverageSchema":"1a1c01bbd47fc00a2c39e90264f33305004495a9","hash":"851ea33e5ce61561e81dfd63eb51d30885cbb82b"}
,"/Users/karimmaoulida/Downloads/ReactAdminV2/src/Pages/Editor/Component/HeroBanner/index.js": {"path":"/Users/karimmaoulida/Downloads/ReactAdminV2/src/Pages/Editor/Component/HeroBanner/index.js","statementMap":{"0":{"start":{"line":10,"column":14},"end":{"line":12,"column":1}},"1":{"start":{"line":14,"column":13},"end":{"line":29,"column":1}},"2":{"start":{"line":32,"column":19},"end":{"line":86,"column":1}},"3":{"start":{"line":33,"column":32},"end":{"line":33,"column":54}},"4":{"start":{"line":35,"column":36},"end":{"line":35,"column":81}},"5":{"start":{"line":36,"column":44},"end":{"line":36,"column":59}},"6":{"start":{"line":38,"column":30},"end":{"line":41,"column":5}},"7":{"start":{"line":39,"column":27},"end":{"line":39,"column":106}},"8":{"start":{"line":39,"column":56},"end":{"line":39,"column":105}},"9":{"start":{"line":40,"column":8},"end":{"line":40,"column":56}},"10":{"start":{"line":43,"column":23},"end":{"line":46,"column":5}},"11":{"start":{"line":44,"column":8},"end":{"line":44,"column":43}},"12":{"start":{"line":45,"column":8},"end":{"line":45,"column":36}},"13":{"start":{"line":49,"column":8},"end":{"line":67,"column":10}},"14":{"start":{"line":70,"column":4},"end":{"line":85,"column":6}},"15":{"start":{"line":77,"column":45},"end":{"line":77,"column":72}},"16":{"start":{"line":78,"column":43},"end":{"line":78,"column":64}},"17":{"start":{"line":88,"column":0},"end":{"line":127,"column":1}},"18":{"start":{"line":89,"column":32},"end":{"line":89,"column":54}},"19":{"start":{"line":90,"column":30},"end":{"line":94,"column":5}},"20":{"start":{"line":91,"column":8},"end":{"line":91,"column":81}},"21":{"start":{"line":92,"column":27},"end":{"line":92,"column":112}},"22":{"start":{"line":92,"column":56},"end":{"line":92,"column":111}},"23":{"start":{"line":93,"column":8},"end":{"line":93,"column":56}},"24":{"start":{"line":95,"column":4},"end":{"line":126,"column":15}},"25":{"start":{"line":97,"column":12},"end":{"line":97,"column":75}},"26":{"start":{"line":103,"column":34},"end":{"line":103,"column":48}},"27":{"start":{"line":104,"column":20},"end":{"line":109,"column":21}},"28":{"start":{"line":105,"column":24},"end":{"line":105,"column":61}},"29":{"start":{"line":106,"column":24},"end":{"line":106,"column":44}},"30":{"start":{"line":108,"column":24},"end":{"line":108,"column":72}},"31":{"start":{"line":113,"column":38},"end":{"line":113,"column":56}},"32":{"start":{"line":114,"column":38},"end":{"line":114,"column":56}},"33":{"start":{"line":115,"column":24},"end":{"line":115,"column":81}},"34":{"start":{"line":129,"column":0},"end":{"line":153,"column":1}},"35":{"start":{"line":130,"column":20},"end":{"line":130,"column":56}},"36":{"start":{"line":131,"column":21},"end":{"line":131,"column":59}},"37":{"start":{"line":133,"column":17},"end":{"line":143,"column":5}},"38":{"start":{"line":135,"column":8},"end":{"line":135,"column":56}},"39":{"start":{"line":140,"column":8},"end":{"line":140,"column":57}},"40":{"start":{"line":145,"column":4},"end":{"line":151,"column":15}},"41":{"start":{"line":155,"column":0},"end":{"line":162,"column":1}},"42":{"start":{"line":156,"column":4},"end":{"line":161,"column":15}}},"fnMap":{"0":{"name":"(anonymous_0)","decl":{"start":{"line":32,"column":19},"end":{"line":32,"column":20}},"loc":{"start":{"line":32,"column":58},"end":{"line":86,"column":1}},"line":32},"1":{"name":"(anonymous_1)","decl":{"start":{"line":38,"column":30},"end":{"line":38,"column":31}},"loc":{"start":{"line":38,"column":41},"end":{"line":41,"column":5}},"line":38},"2":{"name":"(anonymous_2)","decl":{"start":{"line":39,"column":48},"end":{"line":39,"column":49}},"loc":{"start":{"line":39,"column":56},"end":{"line":39,"column":105}},"line":39},"3":{"name":"(anonymous_3)","decl":{"start":{"line":43,"column":23},"end":{"line":43,"column":24}},"loc":{"start":{"line":43,"column":30},"end":{"line":46,"column":5}},"line":43},"4":{"name":"ElementMaker","decl":{"start":{"line":48,"column":13},"end":{"line":48,"column":25}},"loc":{"start":{"line":48,"column":33},"end":{"line":68,"column":5}},"line":48},"5":{"name":"(anonymous_5)","decl":{"start":{"line":77,"column":38},"end":{"line":77,"column":39}},"loc":{"start":{"line":77,"column":45},"end":{"line":77,"column":72}},"line":77},"6":{"name":"(anonymous_6)","decl":{"start":{"line":78,"column":37},"end":{"line":78,"column":38}},"loc":{"start":{"line":78,"column":43},"end":{"line":78,"column":64}},"line":78},"7":{"name":"(anonymous_7)","decl":{"start":{"line":88,"column":21},"end":{"line":88,"column":22}},"loc":{"start":{"line":88,"column":55},"end":{"line":127,"column":1}},"line":88},"8":{"name":"(anonymous_8)","decl":{"start":{"line":90,"column":30},"end":{"line":90,"column":31}},"loc":{"start":{"line":90,"column":46},"end":{"line":94,"column":5}},"line":90},"9":{"name":"(anonymous_9)","decl":{"start":{"line":92,"column":48},"end":{"line":92,"column":49}},"loc":{"start":{"line":92,"column":56},"end":{"line":92,"column":111}},"line":92},"10":{"name":"(anonymous_10)","decl":{"start":{"line":96,"column":25},"end":{"line":96,"column":26}},"loc":{"start":{"line":96,"column":30},"end":{"line":98,"column":9}},"line":96},"11":{"name":"(anonymous_11)","decl":{"start":{"line":102,"column":34},"end":{"line":102,"column":35}},"loc":{"start":{"line":102,"column":39},"end":{"line":110,"column":17}},"line":102},"12":{"name":"(anonymous_12)","decl":{"start":{"line":112,"column":43},"end":{"line":112,"column":44}},"loc":{"start":{"line":112,"column":60},"end":{"line":116,"column":21}},"line":112},"13":{"name":"(anonymous_13)","decl":{"start":{"line":129,"column":21},"end":{"line":129,"column":22}},"loc":{"start":{"line":129,"column":49},"end":{"line":153,"column":1}},"line":129},"14":{"name":"(anonymous_14)","decl":{"start":{"line":134,"column":34},"end":{"line":134,"column":35}},"loc":{"start":{"line":134,"column":51},"end":{"line":136,"column":5}},"line":134},"15":{"name":"(anonymous_15)","decl":{"start":{"line":139,"column":39},"end":{"line":139,"column":40}},"loc":{"start":{"line":139,"column":56},"end":{"line":141,"column":5}},"line":139},"16":{"name":"(anonymous_16)","decl":{"start":{"line":155,"column":19},"end":{"line":155,"column":20}},"loc":{"start":{"line":155,"column":53},"end":{"line":162,"column":1}},"line":155}},"branchMap":{"0":{"loc":{"start":{"line":35,"column":45},"end":{"line":35,"column":80}},"type":"cond-expr","locations":[{"start":{"line":35,"column":58},"end":{"line":35,"column":68}},{"start":{"line":35,"column":71},"end":{"line":35,"column":80}}],"line":35},"1":{"loc":{"start":{"line":44,"column":8},"end":{"line":44,"column":42}},"type":"binary-expr","locations":[{"start":{"line":44,"column":8},"end":{"line":44,"column":16}},{"start":{"line":44,"column":20},"end":{"line":44,"column":42}}],"line":44},"2":{"loc":{"start":{"line":52,"column":20},"end":{"line":64,"column":29}},"type":"cond-expr","locations":[{"start":{"line":53,"column":24},"end":{"line":61,"column":26}},{"start":{"line":63,"column":28},"end":{"line":63,"column":98}}],"line":52},"3":{"loc":{"start":{"line":73,"column":27},"end":{"line":73,"column":74}},"type":"cond-expr","locations":[{"start":{"line":73,"column":50},"end":{"line":73,"column":69}},{"start":{"line":73,"column":72},"end":{"line":73,"column":74}}],"line":73},"4":{"loc":{"start":{"line":90,"column":31},"end":{"line":90,"column":41}},"type":"default-arg","locations":[{"start":{"line":90,"column":39},"end":{"line":90,"column":41}}],"line":90},"5":{"loc":{"start":{"line":91,"column":22},"end":{"line":91,"column":68}},"type":"cond-expr","locations":[{"start":{"line":91,"column":44},"end":{"line":91,"column":63}},{"start":{"line":91,"column":66},"end":{"line":91,"column":68}}],"line":91},"6":{"loc":{"start":{"line":104,"column":20},"end":{"line":109,"column":21}},"type":"if","locations":[{"start":{"line":104,"column":20},"end":{"line":109,"column":21}},{"start":{"line":107,"column":27},"end":{"line":109,"column":21}}],"line":104},"7":{"loc":{"start":{"line":130,"column":20},"end":{"line":130,"column":56}},"type":"cond-expr","locations":[{"start":{"line":130,"column":37},"end":{"line":130,"column":51}},{"start":{"line":130,"column":54},"end":{"line":130,"column":56}}],"line":130},"8":{"loc":{"start":{"line":131,"column":21},"end":{"line":131,"column":59}},"type":"cond-expr","locations":[{"start":{"line":131,"column":39},"end":{"line":131,"column":54}},{"start":{"line":131,"column":57},"end":{"line":131,"column":59}}],"line":131},"9":{"loc":{"start":{"line":148,"column":13},"end":{"line":148,"column":60}},"type":"cond-expr","locations":[{"start":{"line":148,"column":28},"end":{"line":148,"column":40}},{"start":{"line":148,"column":43},"end":{"line":148,"column":60}}],"line":148},"10":{"loc":{"start":{"line":150,"column":9},"end":{"line":150,"column":29}},"type":"binary-expr","locations":[{"start":{"line":150,"column":9},"end":{"line":150,"column":17}},{"start":{"line":150,"column":21},"end":{"line":150,"column":29}}],"line":150}},"s":{"0":4,"1":4,"2":4,"3":5,"4":5,"5":5,"6":5,"7":0,"8":0,"9":0,"10":5,"11":0,"12":0,"13":5,"14":5,"15":0,"16":0,"17":4,"18":1,"19":1,"20":0,"21":0,"22":0,"23":0,"24":1,"25":0,"26":0,"27":0,"28":0,"29":0,"30":0,"31":4,"32":4,"33":4,"34":4,"35":0,"36":0,"37":0,"38":0,"39":0,"40":0,"41":4,"42":3},"f":{"0":5,"1":0,"2":0,"3":0,"4":5,"5":0,"6":0,"7":1,"8":0,"9":0,"10":0,"11":0,"12":4,"13":0,"14":0,"15":0,"16":3},"b":{"0":[5,0],"1":[0,0],"2":[0,5],"3":[0,5],"4":[0],"5":[0,0],"6":[0,0],"7":[0,0],"8":[0,0],"9":[0,0],"10":[0,0]},"_coverageSchema":"1a1c01bbd47fc00a2c39e90264f33305004495a9","hash":"2d4548b677db8fa0518b9f76ff5ce19f31f5725a"}
,"/Users/karimmaoulida/Downloads/ReactAdminV2/src/Pages/Editor/Component/HomePage/index.js": {"path":"/Users/karimmaoulida/Downloads/ReactAdminV2/src/Pages/Editor/Component/HomePage/index.js","statementMap":{"0":{"start":{"line":10,"column":14},"end":{"line":12,"column":1}},"1":{"start":{"line":14,"column":13},"end":{"line":29,"column":1}},"2":{"start":{"line":32,"column":17},"end":{"line":45,"column":1}},"3":{"start":{"line":33,"column":32},"end":{"line":33,"column":54}},"4":{"start":{"line":35,"column":4},"end":{"line":44,"column":6}},"5":{"start":{"line":47,"column":0},"end":{"line":86,"column":1}},"6":{"start":{"line":48,"column":32},"end":{"line":48,"column":54}},"7":{"start":{"line":49,"column":30},"end":{"line":53,"column":5}},"8":{"start":{"line":50,"column":8},"end":{"line":50,"column":81}},"9":{"start":{"line":51,"column":27},"end":{"line":51,"column":112}},"10":{"start":{"line":51,"column":56},"end":{"line":51,"column":111}},"11":{"start":{"line":52,"column":8},"end":{"line":52,"column":56}},"12":{"start":{"line":54,"column":4},"end":{"line":85,"column":15}},"13":{"start":{"line":56,"column":12},"end":{"line":56,"column":75}},"14":{"start":{"line":62,"column":34},"end":{"line":62,"column":48}},"15":{"start":{"line":63,"column":20},"end":{"line":68,"column":21}},"16":{"start":{"line":64,"column":24},"end":{"line":64,"column":61}},"17":{"start":{"line":65,"column":24},"end":{"line":65,"column":44}},"18":{"start":{"line":67,"column":24},"end":{"line":67,"column":72}},"19":{"start":{"line":72,"column":38},"end":{"line":72,"column":56}},"20":{"start":{"line":73,"column":38},"end":{"line":73,"column":56}},"21":{"start":{"line":74,"column":24},"end":{"line":74,"column":69}},"22":{"start":{"line":88,"column":0},"end":{"line":112,"column":1}},"23":{"start":{"line":89,"column":20},"end":{"line":89,"column":56}},"24":{"start":{"line":90,"column":21},"end":{"line":90,"column":59}},"25":{"start":{"line":92,"column":17},"end":{"line":102,"column":5}},"26":{"start":{"line":94,"column":8},"end":{"line":94,"column":56}},"27":{"start":{"line":99,"column":8},"end":{"line":99,"column":57}},"28":{"start":{"line":104,"column":4},"end":{"line":110,"column":15}},"29":{"start":{"line":114,"column":0},"end":{"line":126,"column":1}},"30":{"start":{"line":115,"column":4},"end":{"line":125,"column":15}}},"fnMap":{"0":{"name":"(anonymous_0)","decl":{"start":{"line":32,"column":17},"end":{"line":32,"column":18}},"loc":{"start":{"line":32,"column":57},"end":{"line":45,"column":1}},"line":32},"1":{"name":"(anonymous_1)","decl":{"start":{"line":47,"column":19},"end":{"line":47,"column":20}},"loc":{"start":{"line":47,"column":53},"end":{"line":86,"column":1}},"line":47},"2":{"name":"(anonymous_2)","decl":{"start":{"line":49,"column":30},"end":{"line":49,"column":31}},"loc":{"start":{"line":49,"column":46},"end":{"line":53,"column":5}},"line":49},"3":{"name":"(anonymous_3)","decl":{"start":{"line":51,"column":48},"end":{"line":51,"column":49}},"loc":{"start":{"line":51,"column":56},"end":{"line":51,"column":111}},"line":51},"4":{"name":"(anonymous_4)","decl":{"start":{"line":55,"column":25},"end":{"line":55,"column":26}},"loc":{"start":{"line":55,"column":30},"end":{"line":57,"column":9}},"line":55},"5":{"name":"(anonymous_5)","decl":{"start":{"line":61,"column":34},"end":{"line":61,"column":35}},"loc":{"start":{"line":61,"column":39},"end":{"line":69,"column":17}},"line":61},"6":{"name":"(anonymous_6)","decl":{"start":{"line":71,"column":43},"end":{"line":71,"column":44}},"loc":{"start":{"line":71,"column":60},"end":{"line":75,"column":21}},"line":71},"7":{"name":"(anonymous_7)","decl":{"start":{"line":88,"column":19},"end":{"line":88,"column":20}},"loc":{"start":{"line":88,"column":49},"end":{"line":112,"column":1}},"line":88},"8":{"name":"(anonymous_8)","decl":{"start":{"line":93,"column":34},"end":{"line":93,"column":35}},"loc":{"start":{"line":93,"column":51},"end":{"line":95,"column":5}},"line":93},"9":{"name":"(anonymous_9)","decl":{"start":{"line":98,"column":39},"end":{"line":98,"column":40}},"loc":{"start":{"line":98,"column":56},"end":{"line":100,"column":5}},"line":98},"10":{"name":"(anonymous_10)","decl":{"start":{"line":114,"column":17},"end":{"line":114,"column":18}},"loc":{"start":{"line":114,"column":51},"end":{"line":126,"column":1}},"line":114}},"branchMap":{"0":{"loc":{"start":{"line":37,"column":27},"end":{"line":37,"column":74}},"type":"cond-expr","locations":[{"start":{"line":37,"column":50},"end":{"line":37,"column":69}},{"start":{"line":37,"column":72},"end":{"line":37,"column":74}}],"line":37},"1":{"loc":{"start":{"line":49,"column":31},"end":{"line":49,"column":41}},"type":"default-arg","locations":[{"start":{"line":49,"column":39},"end":{"line":49,"column":41}}],"line":49},"2":{"loc":{"start":{"line":50,"column":22},"end":{"line":50,"column":68}},"type":"cond-expr","locations":[{"start":{"line":50,"column":44},"end":{"line":50,"column":63}},{"start":{"line":50,"column":66},"end":{"line":50,"column":68}}],"line":50},"3":{"loc":{"start":{"line":63,"column":20},"end":{"line":68,"column":21}},"type":"if","locations":[{"start":{"line":63,"column":20},"end":{"line":68,"column":21}},{"start":{"line":66,"column":27},"end":{"line":68,"column":21}}],"line":63},"4":{"loc":{"start":{"line":89,"column":20},"end":{"line":89,"column":56}},"type":"cond-expr","locations":[{"start":{"line":89,"column":37},"end":{"line":89,"column":51}},{"start":{"line":89,"column":54},"end":{"line":89,"column":56}}],"line":89},"5":{"loc":{"start":{"line":90,"column":21},"end":{"line":90,"column":59}},"type":"cond-expr","locations":[{"start":{"line":90,"column":39},"end":{"line":90,"column":54}},{"start":{"line":90,"column":57},"end":{"line":90,"column":59}}],"line":90},"6":{"loc":{"start":{"line":106,"column":13},"end":{"line":106,"column":60}},"type":"cond-expr","locations":[{"start":{"line":106,"column":28},"end":{"line":106,"column":40}},{"start":{"line":106,"column":43},"end":{"line":106,"column":60}}],"line":106},"7":{"loc":{"start":{"line":108,"column":9},"end":{"line":108,"column":29}},"type":"binary-expr","locations":[{"start":{"line":108,"column":9},"end":{"line":108,"column":17}},{"start":{"line":108,"column":21},"end":{"line":108,"column":29}}],"line":108}},"s":{"0":3,"1":3,"2":3,"3":2,"4":2,"5":3,"6":0,"7":0,"8":0,"9":0,"10":0,"11":0,"12":0,"13":0,"14":0,"15":0,"16":0,"17":0,"18":0,"19":0,"20":0,"21":0,"22":3,"23":0,"24":0,"25":0,"26":0,"27":0,"28":0,"29":3,"30":3},"f":{"0":2,"1":0,"2":0,"3":0,"4":0,"5":0,"6":0,"7":0,"8":0,"9":0,"10":3},"b":{"0":[0,2],"1":[0],"2":[0,0],"3":[0,0],"4":[0,0],"5":[0,0],"6":[0,0],"7":[0,0]},"_coverageSchema":"1a1c01bbd47fc00a2c39e90264f33305004495a9","hash":"be4869cbad6bea1dc31b4cb2322e7bf3c54b6d4d"}
,"/Users/karimmaoulida/Downloads/ReactAdminV2/src/Pages/Editor/Component/Introduction/index.js": {"path":"/Users/karimmaoulida/Downloads/ReactAdminV2/src/Pages/Editor/Component/Introduction/index.js","statementMap":{"0":{"start":{"line":11,"column":14},"end":{"line":13,"column":1}},"1":{"start":{"line":15,"column":14},"end":{"line":41,"column":1}},"2":{"start":{"line":44,"column":36},"end":{"line":44,"column":80}},"3":{"start":{"line":45,"column":44},"end":{"line":45,"column":59}},"4":{"start":{"line":47,"column":30},"end":{"line":50,"column":5}},"5":{"start":{"line":48,"column":27},"end":{"line":48,"column":107}},"6":{"start":{"line":48,"column":56},"end":{"line":48,"column":106}},"7":{"start":{"line":49,"column":8},"end":{"line":49,"column":56}},"8":{"start":{"line":52,"column":23},"end":{"line":55,"column":5}},"9":{"start":{"line":53,"column":8},"end":{"line":53,"column":43}},"10":{"start":{"line":54,"column":8},"end":{"line":54,"column":36}},"11":{"start":{"line":57,"column":4},"end":{"line":74,"column":6}},"12":{"start":{"line":64,"column":41},"end":{"line":64,"column":68}},"13":{"start":{"line":70,"column":78},"end":{"line":70,"column":99}},"14":{"start":{"line":77,"column":21},"end":{"line":90,"column":1}},"15":{"start":{"line":78,"column":32},"end":{"line":78,"column":54}},"16":{"start":{"line":80,"column":4},"end":{"line":89,"column":6}},"17":{"start":{"line":92,"column":0},"end":{"line":157,"column":1}},"18":{"start":{"line":93,"column":32},"end":{"line":93,"column":54}},"19":{"start":{"line":95,"column":34},"end":{"line":95,"column":48}},"20":{"start":{"line":98,"column":30},"end":{"line":102,"column":5}},"21":{"start":{"line":99,"column":8},"end":{"line":99,"column":81}},"22":{"start":{"line":100,"column":27},"end":{"line":100,"column":113}},"23":{"start":{"line":100,"column":56},"end":{"line":100,"column":112}},"24":{"start":{"line":101,"column":8},"end":{"line":101,"column":56}},"25":{"start":{"line":104,"column":29},"end":{"line":107,"column":5}},"26":{"start":{"line":105,"column":24},"end":{"line":105,"column":103}},"27":{"start":{"line":106,"column":8},"end":{"line":106,"column":44}},"28":{"start":{"line":109,"column":4},"end":{"line":112,"column":18}},"29":{"start":{"line":110,"column":27},"end":{"line":110,"column":107}},"30":{"start":{"line":110,"column":57},"end":{"line":110,"column":106}},"31":{"start":{"line":111,"column":8},"end":{"line":111,"column":68}},"32":{"start":{"line":114,"column":4},"end":{"line":156,"column":10}},"33":{"start":{"line":116,"column":12},"end":{"line":116,"column":76}},"34":{"start":{"line":118,"column":52},"end":{"line":118,"column":91}},"35":{"start":{"line":122,"column":20},"end":{"line":124,"column":31}},"36":{"start":{"line":133,"column":34},"end":{"line":133,"column":48}},"37":{"start":{"line":134,"column":20},"end":{"line":139,"column":21}},"38":{"start":{"line":135,"column":24},"end":{"line":135,"column":61}},"39":{"start":{"line":136,"column":24},"end":{"line":136,"column":44}},"40":{"start":{"line":138,"column":24},"end":{"line":138,"column":72}},"41":{"start":{"line":143,"column":38},"end":{"line":143,"column":56}},"42":{"start":{"line":144,"column":38},"end":{"line":144,"column":56}},"43":{"start":{"line":145,"column":24},"end":{"line":145,"column":81}},"44":{"start":{"line":159,"column":0},"end":{"line":183,"column":1}},"45":{"start":{"line":160,"column":20},"end":{"line":160,"column":56}},"46":{"start":{"line":161,"column":21},"end":{"line":161,"column":59}},"47":{"start":{"line":163,"column":17},"end":{"line":173,"column":5}},"48":{"start":{"line":165,"column":8},"end":{"line":165,"column":56}},"49":{"start":{"line":170,"column":8},"end":{"line":170,"column":57}},"50":{"start":{"line":175,"column":4},"end":{"line":181,"column":15}},"51":{"start":{"line":185,"column":0},"end":{"line":198,"column":1}},"52":{"start":{"line":186,"column":4},"end":{"line":197,"column":15}}},"fnMap":{"0":{"name":"ElementMaker","decl":{"start":{"line":43,"column":9},"end":{"line":43,"column":21}},"loc":{"start":{"line":43,"column":70},"end":{"line":75,"column":1}},"line":43},"1":{"name":"(anonymous_1)","decl":{"start":{"line":47,"column":30},"end":{"line":47,"column":31}},"loc":{"start":{"line":47,"column":41},"end":{"line":50,"column":5}},"line":47},"2":{"name":"(anonymous_2)","decl":{"start":{"line":48,"column":48},"end":{"line":48,"column":49}},"loc":{"start":{"line":48,"column":56},"end":{"line":48,"column":106}},"line":48},"3":{"name":"(anonymous_3)","decl":{"start":{"line":52,"column":23},"end":{"line":52,"column":24}},"loc":{"start":{"line":52,"column":29},"end":{"line":55,"column":5}},"line":52},"4":{"name":"(anonymous_4)","decl":{"start":{"line":64,"column":34},"end":{"line":64,"column":35}},"loc":{"start":{"line":64,"column":41},"end":{"line":64,"column":68}},"line":64},"5":{"name":"(anonymous_5)","decl":{"start":{"line":70,"column":72},"end":{"line":70,"column":73}},"loc":{"start":{"line":70,"column":78},"end":{"line":70,"column":99}},"line":70},"6":{"name":"(anonymous_6)","decl":{"start":{"line":77,"column":21},"end":{"line":77,"column":22}},"loc":{"start":{"line":77,"column":61},"end":{"line":90,"column":1}},"line":77},"7":{"name":"(anonymous_7)","decl":{"start":{"line":92,"column":23},"end":{"line":92,"column":24}},"loc":{"start":{"line":92,"column":57},"end":{"line":157,"column":1}},"line":92},"8":{"name":"(anonymous_8)","decl":{"start":{"line":98,"column":30},"end":{"line":98,"column":31}},"loc":{"start":{"line":98,"column":46},"end":{"line":102,"column":5}},"line":98},"9":{"name":"(anonymous_9)","decl":{"start":{"line":100,"column":48},"end":{"line":100,"column":49}},"loc":{"start":{"line":100,"column":56},"end":{"line":100,"column":112}},"line":100},"10":{"name":"(anonymous_10)","decl":{"start":{"line":104,"column":29},"end":{"line":104,"column":30}},"loc":{"start":{"line":104,"column":49},"end":{"line":107,"column":5}},"line":104},"11":{"name":"(anonymous_11)","decl":{"start":{"line":109,"column":14},"end":{"line":109,"column":15}},"loc":{"start":{"line":109,"column":20},"end":{"line":112,"column":5}},"line":109},"12":{"name":"(anonymous_12)","decl":{"start":{"line":110,"column":49},"end":{"line":110,"column":50}},"loc":{"start":{"line":110,"column":57},"end":{"line":110,"column":106}},"line":110},"13":{"name":"(anonymous_13)","decl":{"start":{"line":115,"column":41},"end":{"line":115,"column":42}},"loc":{"start":{"line":115,"column":46},"end":{"line":117,"column":9}},"line":115},"14":{"name":"(anonymous_14)","decl":{"start":{"line":118,"column":45},"end":{"line":118,"column":46}},"loc":{"start":{"line":118,"column":52},"end":{"line":118,"column":91}},"line":118},"15":{"name":"(anonymous_15)","decl":{"start":{"line":121,"column":57},"end":{"line":121,"column":58}},"loc":{"start":{"line":121,"column":74},"end":{"line":125,"column":17}},"line":121},"16":{"name":"(anonymous_16)","decl":{"start":{"line":132,"column":34},"end":{"line":132,"column":35}},"loc":{"start":{"line":132,"column":39},"end":{"line":140,"column":17}},"line":132},"17":{"name":"(anonymous_17)","decl":{"start":{"line":142,"column":43},"end":{"line":142,"column":44}},"loc":{"start":{"line":142,"column":60},"end":{"line":146,"column":21}},"line":142},"18":{"name":"(anonymous_18)","decl":{"start":{"line":159,"column":23},"end":{"line":159,"column":24}},"loc":{"start":{"line":159,"column":53},"end":{"line":183,"column":1}},"line":159},"19":{"name":"(anonymous_19)","decl":{"start":{"line":164,"column":34},"end":{"line":164,"column":35}},"loc":{"start":{"line":164,"column":51},"end":{"line":166,"column":5}},"line":164},"20":{"name":"(anonymous_20)","decl":{"start":{"line":169,"column":39},"end":{"line":169,"column":40}},"loc":{"start":{"line":169,"column":56},"end":{"line":171,"column":5}},"line":169},"21":{"name":"(anonymous_21)","decl":{"start":{"line":185,"column":21},"end":{"line":185,"column":22}},"loc":{"start":{"line":185,"column":55},"end":{"line":198,"column":1}},"line":185}},"branchMap":{"0":{"loc":{"start":{"line":44,"column":45},"end":{"line":44,"column":79}},"type":"cond-expr","locations":[{"start":{"line":44,"column":59},"end":{"line":44,"column":70}},{"start":{"line":44,"column":73},"end":{"line":44,"column":79}}],"line":44},"1":{"loc":{"start":{"line":53,"column":8},"end":{"line":53,"column":42}},"type":"binary-expr","locations":[{"start":{"line":53,"column":8},"end":{"line":53,"column":16}},{"start":{"line":53,"column":20},"end":{"line":53,"column":42}}],"line":53},"2":{"loc":{"start":{"line":60,"column":16},"end":{"line":71,"column":17}},"type":"cond-expr","locations":[{"start":{"line":61,"column":20},"end":{"line":68,"column":22}},{"start":{"line":70,"column":20},"end":{"line":70,"column":123}}],"line":60},"3":{"loc":{"start":{"line":83,"column":27},"end":{"line":83,"column":74}},"type":"cond-expr","locations":[{"start":{"line":83,"column":50},"end":{"line":83,"column":69}},{"start":{"line":83,"column":72},"end":{"line":83,"column":74}}],"line":83},"4":{"loc":{"start":{"line":98,"column":31},"end":{"line":98,"column":41}},"type":"default-arg","locations":[{"start":{"line":98,"column":39},"end":{"line":98,"column":41}}],"line":98},"5":{"loc":{"start":{"line":99,"column":22},"end":{"line":99,"column":68}},"type":"cond-expr","locations":[{"start":{"line":99,"column":44},"end":{"line":99,"column":63}},{"start":{"line":99,"column":66},"end":{"line":99,"column":68}}],"line":99},"6":{"loc":{"start":{"line":105,"column":24},"end":{"line":105,"column":103}},"type":"cond-expr","locations":[{"start":{"line":105,"column":43},"end":{"line":105,"column":82}},{"start":{"line":105,"column":85},"end":{"line":105,"column":103}}],"line":105},"7":{"loc":{"start":{"line":111,"column":8},"end":{"line":111,"column":67}},"type":"binary-expr","locations":[{"start":{"line":111,"column":8},"end":{"line":111,"column":16}},{"start":{"line":111,"column":20},"end":{"line":111,"column":67}}],"line":111},"8":{"loc":{"start":{"line":121,"column":17},"end":{"line":125,"column":25}},"type":"cond-expr","locations":[{
[...]
,"column":121}}],"line":15},"3":{"loc":{"start":{"line":15,"column":73},"end":{"line":15,"column":115}},"type":"binary-expr","locations":[{"start":{"line":15,"column":73},"end":{"line":15,"column":108}},{"start":{"line":15,"column":112},"end":{"line":15,"column":115}}],"line":15},"4":{"loc":{"start":{"line":16,"column":53},"end":{"line":16,"column":124}},"type":"cond-expr","locations":[{"start":{"line":16,"column":75},"end":{"line":16,"column":118}},{"start":{"line":16,"column":121},"end":{"line":16,"column":124}}],"line":16},"5":{"loc":{"start":{"line":16,"column":75},"end":{"line":16,"column":118}},"type":"binary-expr","locations":[{"start":{"line":16,"column":75},"end":{"line":16,"column":111}},{"start":{"line":16,"column":115},"end":{"line":16,"column":118}}],"line":16},"6":{"loc":{"start":{"line":17,"column":49},"end":{"line":17,"column":118}},"type":"cond-expr","locations":[{"start":{"line":17,"column":71},"end":{"line":17,"column":112}},{"start":{"line":17,"column":115},"end":{"line":17,"column":118}}],"line":17},"7":{"loc":{"start":{"line":17,"column":71},"end":{"line":17,"column":112}},"type":"binary-expr","locations":[{"start":{"line":17,"column":71},"end":{"line":17,"column":105}},{"start":{"line":17,"column":109},"end":{"line":17,"column":112}}],"line":17},"8":{"loc":{"start":{"line":19,"column":19},"end":{"line":22,"column":47}},"type":"binary-expr","locations":[{"start":{"line":19,"column":20},"end":{"line":19,"column":86}},{"start":{"line":20,"column":8},"end":{"line":20,"column":73}},{"start":{"line":21,"column":8},"end":{"line":21,"column":72}},{"start":{"line":22,"column":8},"end":{"line":22,"column":40}},{"start":{"line":22,"column":44},"end":{"line":22,"column":47}}],"line":19},"9":{"loc":{"start":{"line":40,"column":12},"end":{"line":42,"column":13}},"type":"if","locations":[{"start":{"line":40,"column":12},"end":{"line":42,"column":13}},{"start":{},"end":{}}],"line":40},"10":{"loc":{"start":{"line":40,"column":16},"end":{"line":40,"column":85}},"type":"binary-expr","locations":[{"start":{"line":40,"column":16},"end":{"line":40,"column":34}},{"start":{"line":40,"column":38},"end":{"line":40,"column":58}},{"start":{"line":40,"column":62},"end":{"line":40,"column":85}}],"line":40},"11":{"loc":{"start":{"line":53,"column":21},"end":{"line":53,"column":89}},"type":"cond-expr","locations":[{"start":{"line":53,"column":43},"end":{"line":53,"column":83}},{"start":{"line":53,"column":86},"end":{"line":53,"column":89}}],"line":53},"12":{"loc":{"start":{"line":53,"column":43},"end":{"line":53,"column":83}},"type":"binary-expr","locations":[{"start":{"line":53,"column":43},"end":{"line":53,"column":76}},{"start":{"line":53,"column":80},"end":{"line":53,"column":83}}],"line":53},"13":{"loc":{"start":{"line":54,"column":23},"end":{"line":54,"column":93}},"type":"cond-expr","locations":[{"start":{"line":54,"column":45},"end":{"line":54,"column":87}},{"start":{"line":54,"column":90},"end":{"line":54,"column":93}}],"line":54},"14":{"loc":{"start":{"line":54,"column":45},"end":{"line":54,"column":87}},"type":"binary-expr","locations":[{"start":{"line":54,"column":45},"end":{"line":54,"column":80}},{"start":{"line":54,"column":84},"end":{"line":54,"column":87}}],"line":54},"15":{"loc":{"start":{"line":55,"column":24},"end":{"line":55,"column":95}},"type":"cond-expr","locations":[{"start":{"line":55,"column":46},"end":{"line":55,"column":89}},{"start":{"line":55,"column":92},"end":{"line":55,"column":95}}],"line":55},"16":{"loc":{"start":{"line":55,"column":46},"end":{"line":55,"column":89}},"type":"binary-expr","locations":[{"start":{"line":55,"column":46},"end":{"line":55,"column":82}},{"start":{"line":55,"column":86},"end":{"line":55,"column":89}}],"line":55},"17":{"loc":{"start":{"line":56,"column":22},"end":{"line":56,"column":91}},"type":"cond-expr","locations":[{"start":{"line":56,"column":44},"end":{"line":56,"column":85}},{"start":{"line":56,"column":88},"end":{"line":56,"column":91}}],"line":56},"18":{"loc":{"start":{"line":56,"column":44},"end":{"line":56,"column":85}},"type":"binary-expr","locations":[{"start":{"line":56,"column":44},"end":{"line":56,"column":78}},{"start":{"line":56,"column":82},"end":{"line":56,"column":85}}],"line":56},"19":{"loc":{"start":{"line":68,"column":83},"end":{"line":68,"column":179}},"type":"binary-expr","locations":[{"start":{"line":68,"column":83},"end":{"line":68,"column":102}},{"start":{"line":68,"column":107},"end":{"line":68,"column":178}}],"line":68},"20":{"loc":{"start":{"line":68,"column":107},"end":{"line":68,"column":178}},"type":"cond-expr","locations":[{"start":{"line":68,"column":142},"end":{"line":68,"column":174}},{"start":{"line":68,"column":177},"end":{"line":68,"column":178}}],"line":68},"21":{"loc":{"start":{"line":69,"column":86},"end":{"line":69,"column":186}},"type":"binary-expr","locations":[{"start":{"line":69,"column":86},"end":{"line":69,"column":105}},{"start":{"line":69,"column":110},"end":{"line":69,"column":185}}],"line":69},"22":{"loc":{"start":{"line":69,"column":110},"end":{"line":69,"column":185}},"type":"cond-expr","locations":[{"start":{"line":69,"column":147},"end":{"line":69,"column":181}},{"start":{"line":69,"column":184},"end":{"line":69,"column":185}}],"line":69},"23":{"loc":{"start":{"line":70,"column":88},"end":{"line":70,"column":190}},"type":"binary-expr","locations":[{"start":{"line":70,"column":88},"end":{"line":70,"column":107}},{"start":{"line":70,"column":112},"end":{"line":70,"column":189}}],"line":70},"24":{"loc":{"start":{"line":70,"column":112},"end":{"line":70,"column":189}},"type":"cond-expr","locations":[{"start":{"line":70,"column":150},"end":{"line":70,"column":185}},{"start":{"line":70,"column":188},"end":{"line":70,"column":189}}],"line":70},"25":{"loc":{"start":{"line":71,"column":84},"end":{"line":71,"column":182}},"type":"binary-expr","locations":[{"start":{"line":71,"column":84},"end":{"line":71,"column":103}},{"start":{"line":71,"column":108},"end":{"line":71,"column":181}}],"line":71},"26":{"loc":{"start":{"line":71,"column":108},"end":{"line":71,"column":181}},"type":"cond-expr","locations":[{"start":{"line":71,"column":144},"end":{"line":71,"column":177}},{"start":{"line":71,"column":180},"end":{"line":71,"column":181}}],"line":71},"27":{"loc":{"start":{"line":73,"column":89},"end":{"line":73,"column":187}},"type":"binary-expr","locations":[{"start":{"line":73,"column":89},"end":{"line":73,"column":108}},{"start":{"line":73,"column":113},"end":{"line":73,"column":186}}],"line":73},"28":{"loc":{"start":{"line":73,"column":113},"end":{"line":73,"column":186}},"type":"cond-expr","locations":[{"start":{"line":73,"column":149},"end":{"line":73,"column":182}},{"start":{"line":73,"column":185},"end":{"line":73,"column":186}}],"line":73},"29":{"loc":{"start":{"line":74,"column":92},"end":{"line":74,"column":194}},"type":"binary-expr","locations":[{"start":{"line":74,"column":92},"end":{"line":74,"column":111}},{"start":{"line":74,"column":116},"end":{"line":74,"column":193}}],"line":74},"30":{"loc":{"start":{"line":74,"column":116},"end":{"line":74,"column":193}},"type":"cond-expr","locations":[{"start":{"line":74,"column":154},"end":{"line":74,"column":189}},{"start":{"line":74,"column":192},"end":{"line":74,"column":193}}],"line":74},"31":{"loc":{"start":{"line":75,"column":94},"end":{"line":75,"column":198}},"type":"binary-expr","locations":[{"start":{"line":75,"column":94},"end":{"line":75,"column":113}},{"start":{"line":75,"column":118},"end":{"line":75,"column":197}}],"line":75},"32":{"loc":{"start":{"line":75,"column":118},"end":{"line":75,"column":197}},"type":"cond-expr","locations":[{"start":{"line":75,"column":157},"end":{"line":75,"column":193}},{"start":{"line":75,"column":196},"end":{"line":75,"column":197}}],"line":75},"33":{"loc":{"start":{"line":76,"column":90},"end":{"line":76,"column":190}},"type":"binary-expr","locations":[{"start":{"line":76,"column":90},"end":{"line":76,"column":109}},{"start":{"line":76,"column":114},"end":{"line":76,"column":189}}],"line":76},"34":{"loc":{"start":{"line":76,"column":114},"end":{"line":76,"column":189}},"type":"cond-expr","locations":[{"start":{"line":76,"column":151},"end":{"line":76,"column":185}},{"start":{"line":76,"column":188},"end":{"line":76,"column":189}}],"line":76},"35":{"loc":{"start":{"line":82,"column":17},"end":{"line":88,"column":27}},"type":"binary-expr","locations":[{"start":{"line":82,"column":17},"end":{"line":82,"column":31}},{"start":{"line":82,"column":35},"end":{"line":88,"column":27}}],"line":82},"36":{"loc":{"start":{"line":96,"column":33},"end":{"line":115,"column":38}},"type":"binary-expr","locations":[{"start":{"line":96,"column":33},"end":{"line":96,"column":53}},{"start":{"line":96,"column":57},"end":{"line":115,"column":38}}],"line":96},"37":{"loc":{"start":{"line":101,"column":47},"end":{"line":101,"column":129}},"type":"cond-expr","locations":[{"start":{"line":101,"column":69},"end":{"line":101,"column":125}},{"start":{"line":101,"column":128},"end":{"line":101,"column":129}}],"line":101},"38":{"loc":{"start":{"line":101,"column":69},"end":{"line":101,"column":125}},"type":"binary-expr","locations":[{"start":{"line":101,"column":69},"end":{"line":101,"column":120}},{"start":{"line":101,"column":124},"end":{"line":101,"column":125}}],"line":101},"39":{"loc":{"start":{"line":108,"column":48},"end":{"line":110,"column":49}},"type":"if","locations":[{"start":{"line":108,"column":48},"end":{"line":110,"column":49}},{"start":{},"end":{}}],"line":108},"40":{"loc":{"start":{"line":108,"column":52},"end":{"line":108,"column":115}},"type":"binary-expr","locations":[{"start":{"line":108,"column":52},"end":{"line":108,"column":68}},{"start":{"line":108,"column":72},"end":{"line":108,"column":90}},{"start":{"line":108,"column":94},"end":{"line":108,"column":115}}],"line":108}},"s":{"0":5,"1":0,"2":0,"3":0,"4":0,"5":0,"6":0,"7":0,"8":0,"9":0,"10":0,"11":0,"12":0,"13":0,"14":0,"15":0,"16":0,"17":0,"18":0,"19":0,"20":0,"21":0,"22":0,"23":0,"24":0,"25":0,"26":0,"27":0,"28":0,"29":0,"30":0,"31":0,"32":0,"33":0,"34":0,"35":0,"36":0,"37":0,"38":0,"39":0,"40":0,"41":0,"42":0,"43":0,"44":0,"45":0,"46":0,"47":0,"48":0,"49":0,"50":0,"51":0,"52":0,"53":0},"f":{"0":0,"1":0,"2":0,"3":0,"4":0,"5":0,"6":0,"7":0,"8":0,"9":0,"10":0,"11":0,"12":0,"13":0,"14":0,"15":0,"16":0,"17":0,"18":0,"19":0,"20":0,"21":0,"22":0,"23":0},"b":{"0":[0,0],"1":[0,0],"2":[0,0],"3":[0,0],"4":[0,0],"5":[0,0],"6":[0,0],"7":[0,0],"8":[0,0,0,0,0],"9":[0,0],"10":[0,0,0],"11":[0,0],"12":[0,0],"13":[0,0],"14":[0,0],"15":[0,0],"16":[0,0],"17":[0,0],"18":[0,0],"19":[0,0],"20":[0,0],"21":[0,0],"22":[0,0],"23":[0,0],"24":[0,0],"25":[0,0],"26":[0,0],"27":[0,0],"28":[0,0],"29":[0,0],"30":[0,0],"31":[0,0],"32":[0,0],"33":[0,0],"34":[0,0],"35":[0,0],"36":[0,0],"37":[0,0],"38":[0,0],"39":[0,0],"40":[0,0,0]},"_coverageSchema":"1a1c01bbd47fc00a2c39e90264f33305004495a9","hash":"c6f444f53fd2506f8db75bae26cc0bf5fa822d00"}
,"/Users/karimmaoulida/Downloads/ReactAdminV2/src/Pages/Editor/Helpers/Spaces/styled.js": {"path":"/Users/karimmaoulida/Downloads/ReactAdminV2/src/Pages/Editor/Helpers/Spaces/styled.js","statementMap":{"0":{"start":{"line":2,"column":13},"end":{"line":2,"column":19}},"1":{"start":{"line":4,"column":15},"end":{"line":217,"column":1}}},"fnMap":{},"branchMap":{},"s":{"0":5,"1":5},"f":{},"b":{},"_coverageSchema":"1a1c01bbd47fc00a2c39e90264f33305004495a9","hash":"15a4d16e13ea2e1814d1bd34e0d50ceade696b05"}
,"/Users/karimmaoulida/Downloads/ReactAdminV2/src/Utils/search.js": {"path":"/Users/karimmaoulida/Downloads/ReactAdminV2/src/Utils/search.js","statementMap":{"0":{"start":{"line":1,"column":15},"end":{"line":9,"column":1}},"1":{"start":{"line":2,"column":18},"end":{"line":2,"column":30}},"2":{"start":{"line":3,"column":4},"end":{"line":7,"column":5}},"3":{"start":{"line":4,"column":21},"end":{"line":4,"column":55}},"4":{"start":{"line":5,"column":8},"end":{"line":5,"column":44}},"5":{"start":{"line":5,"column":33},"end":{"line":5,"column":44}},"6":{"start":{"line":6,"column":8},"end":{"line":6,"column":53}},"7":{"start":{"line":8,"column":4},"end":{"line":8,"column":15}}},"fnMap":{"0":{"name":"(anonymous_0)","decl":{"start":{"line":1,"column":15},"end":{"line":1,"column":16}},"loc":{"start":{"line":1,"column":61},"end":{"line":9,"column":1}},"line":1}},"branchMap":{"0":{"loc":{"start":{"line":1,"column":29},"end":{"line":1,"column":39}},"type":"default-arg","locations":[{"start":{"line":1,"column":35},"end":{"line":1,"column":39}}],"line":1},"1":{"loc":{"start":{"line":1,"column":41},"end":{"line":1,"column":56}},"type":"default-arg","locations":[{"start":{"line":1,"column":51},"end":{"line":1,"column":56}}],"line":1},"2":{"loc":{"start":{"line":4,"column":27},"end":{"line":4,"column":52}},"type":"cond-expr","locations":[{"start":{"line":4,"column":37},"end":{"line":4,"column":42}},{"start":{"line":4,"column":45},"end":{"line":4,"column":52}}],"line":4},"3":{"loc":{"start":{"line":5,"column":8},"end":{"line":5,"column":44}},"type":"if","locations":[{"start":{"line":5,"column":8},"end":{"line":5,"column":44}},{"start":{},"end":{}}],"line":5},"4":{"loc":{"start":{"line":6,"column":8},"end":{"line":6,"column":53}},"type":"binary-expr","locations":[{"start":{"line":6,"column":8},"end":{"line":6,"column":21}},{"start":{"line":6,"column":25},"end":{"line":6,"column":53}}],"line":6}},"s":{"0":5,"1":0,"2":0,"3":0,"4":0,"5":0,"6":0,"7":0},"f":{"0":0},"b":{"0":[0],"1":[0],"2":[0,0],"3":[0,0],"4":[0,0]},"_coverageSchema":"1a1c01bbd47fc00a2c39e90264f33305004495a9","hash":"fc5ce72dca39a6c4d8aa38a6d6d33dd7aa2accb7"}
,"/Users/karimmaoulida/Downloads/ReactAdminV2/src/Utils/tools.js": {"path":"/Users/karimmaoulida/Downloads/ReactAdminV2/src/Utils/tools.js","statementMap":{"0":{"start":{"line":1,"column":20},"end":{"line":6,"column":1}},"1":{"start":{"line":2,"column":4},"end":{"line":5,"column":7}},"2":{"start":{"line":3,"column":16},"end":{"line":3,"column":38}},"3":{"start":{"line":3,"column":44},"end":{"line":3,"column":74}},"4":{"start":{"line":4,"column":8},"end":{"line":4,"column":30}},"5":{"start":{"line":8,"column":24},"end":{"line":14,"column":1}},"6":{"start":{"line":9,"column":4},"end":{"line":13,"column":16}},"7":{"start":{"line":10,"column":8},"end":{"line":12,"column":21}},"8":{"start":{"line":17,"column":27},"end":{"line":27,"column":1}},"9":{"start":{"line":18,"column":17},"end":{"line":18,"column":38}},"10":{"start":{"line":19,"column":4},"end":{"line":26,"column":7}},"11":{"start":{"line":20,"column":8},"end":{"line":25,"column":12}},"12":{"start":{"line":21,"column":25},"end":{"line":21,"column":68}},"13":{"start":{"line":22,"column":22},"end":{"line":22,"column":56}},"14":{"start":{"line":23,"column":12},"end":{"line":23,"column":80}},"15":{"start":{"line":23,"column":40},"end":{"line":23,"column":78}},"16":{"start":{"line":24,"column":12},"end":{"line":24,"column":31}}},"fnMap":{"0":{"name":"(anonymous_0)","decl":{"start":{"line":1,"column":20},"end":{"line":1,"column":21}},"loc":{"start":{"line":1,"column":26},"end":{"line":6,"column":1}},"line":1},"1":{"name":"(anonymous_1)","decl":{"start":{"line":2,"column":44},"end":{"line":2,"column":45}},"loc":{"start":{"line":2,"column":57},"end":{"line":5,"column":5}},"line":2},"2":{"name":"(anonymous_2)","decl":{"start":{"line":8,"column":24},"end":{"line":8,"column":25}},"loc":{"start":{"line":8,"column":31},"end":{"line":14,"column":1}},"line":8},"3":{"name":"(anonymous_3)","decl":{"start":{"line":9,"column":29},"end":{"line":9,"column":30}},"loc":{"start":{"line":9,"column":46},"end":{"line":13,"column":5}},"line":9},"4":{"name":"(anonymous_4)","decl":{"start":{"line":17,"column":27},"end":{"line":17,"column":28}},"loc":{"start":{"line":17,"column":58},"end":{"line":27,"column":1}},"line":17},"5":{"name":"(anonymous_5)","decl":{"start":{"line":19,"column":43},"end":{"line":19,"column":44}},"loc":{"start":{"line":19,"column":53},"end":{"line":26,"column":5}},"line":19},"6":{"name":"(anonymous_6)","decl":{"start":{"line":20,"column":104},"end":{"line":20,"column":105}},"loc":{"start":{"line":20,"column":112},"end":{"line":25,"column":9}},"line":20},"7":{"name":"(anonymous_7)","decl":{"start":{"line":23,"column":18},"end":{"line":23,"column":19}},"loc":{"start":{"line":23,"column":40},"end":{"line":23,"column":78}},"line":23}},"branchMap":{"0":{"loc":{"start":{"line":3,"column":44},"end":{"line":3,"column":74}},"type":"cond-expr","locations":[{"start":{"line":3,"column":55},"end":{"line":3,"column":56}},{"start":{"line":3,"column":60},"end":{"line":3,"column":73}}],"line":3},"1":{"loc":{"start":{"line":10,"column":15},"end":{"line":12,"column":20}},"type":"cond-expr","locations":[{"start":{"line":11,"column":14},"end":{"line":11,"column":62}},{"start":{"line":12,"column":14},"end":{"line":12,"column":20}}],"line":10},"2":{"loc":{"start":{"line":11,"column":17},"end":{"line":11,"column":37}},"type":"cond-expr","locations":[{"start":{"line":11,"column":29},"end":{"line":11,"column":32}},{"start":{"line":11,"column":35},"end":{"line":11,"column":37}}],"line":11},"3":{"loc":{"start":{"line":17,"column":36},"end":{"line":17,"column":53}},"type":"default-arg","locations":[{"start":{"line":17,"column":46},"end":{"line":17,"column":53}}],"line":17},"4":{"loc":{"start":{"line":18,"column":17},"end":{"line":18,"column":38}},"type":"binary-expr","locations":[{"start":{"line":18,"column":17},"end":{"line":18,"column":32}},{"start":{"line":18,"column":36},"end":{"line":18,"column":38}}],"line":18}},"s":{"0":5,"1":9,"2":108,"3":108,"4":108,"5":5,"6":0,"7":0,"8":5,"9":1,"10":1,"11":2,"12":6,"13":6,"14":6,"15":6,"16":6},"f":{"0":9,"1":108,"2":0,"3":0,"4":1,"5":2,"6":6,"7":6},"b":{"0":[108,0],"1":[0,0],"2":[0,0],"3":[0],"4":[1,1]},"_coverageSchema":"1a1c01bbd47fc00a2c39e90264f33305004495a9","hash":"27650214e8d27be7ef688b6e6ccfd7b73d9f2b6b"}
,"/Users/karimmaoulida/Downloads/ReactAdminV2/src/Utils/updatePropertyById.js": {"path":"/Users/karimmaoulida/Downloads/ReactAdminV2/src/Utils/updatePropertyById.js","statementMap":{"0":{"start":{"line":1,"column":27},"end":{"line":19,"column":1}},"1":{"start":{"line":6,"column":4},"end":{"line":12,"column":5}},"2":{"start":{"line":7,"column":8},"end":{"line":11,"column":9}},"3":{"start":{"line":8,"column":12},"end":{"line":8,"column":24}},"4":{"start":{"line":10,"column":12},"end":{"line":10,"column":35}},"5":{"start":{"line":13,"column":4},"end":{"line":17,"column":5}},"6":{"start":{"line":14,"column":8},"end":{"line":16,"column":9}},"7":{"start":{"line":14,"column":21},"end":{"line":14,"column":22}},"8":{"start":{"line":15,"column":12},"end":{"line":15,"column":89}},"9":{"start":{"line":18,"column":4},"end":{"line":18,"column":16}}},"fnMap":{"0":{"name":"(anonymous_0)","decl":{"start":{"line":1,"column":27},"end":{"line":1,"column":28}},"loc":{"start":{"line":1,"column":58},"end":{"line":19,"column":1}},"line":1}},"branchMap":{"0":{"loc":{"start":{"line":6,"column":4},"end":{"line":12,"column":5}},"type":"if","locations":[{"start":{"line":6,"column":4},"end":{"line":12,"column":5}},{"start":{},"end":{}}],"line":6},"1":{"loc":{"start":{"line":7,"column":8},"end":{"line":11,"column":9}},"type":"if","locations":[{"start":{"line":7,"column":8},"end":{"line":11,"column":9}},{"start":{"line":9,"column":15},"end":{"line":11,"column":9}}],"line":7},"2":{"loc":{"start":{"line":13,"column":4},"end":{"line":17,"column":5}},"type":"if","locations":[{"start":{"line":13,"column":4},"end":{"line":17,"column":5}},{"start":{},"end":{}}],"line":13},"3":{"loc":{"start":{"line":13,"column":8},"end":{"line":13,"column":63}},"type":"binary-expr","locations":[{"start":{"line":13,"column":8},"end":{"line":13,"column":35}},{"start":{"line":13,"column":39},"end":{"line":13,"column":63}}],"line":13}},"s":{"0":5,"1":0,"2":0,"3":0,"4":0,"5":0,"6":0,"7":0,"8":0,"9":0},"f":{"0":0},"b":{"0":[0,0],"1":[0,0],"2":[0,0],"3":[0,0]},"_coverageSchema":"1a1c01bbd47fc00a2c39e90264f33305004495a9","hash":"4cc1ff3fcf0b228af38985cbbcaa38f084a163ca"}
}
