TN:
SF:src/store.js
FN:4,(anonymous_0)
FN:22,(anonymous_1)
FN:25,(anonymous_2)
FN:47,(anonymous_3)
FN:48,(anonymous_4)
FNF:5
FNH:2
FNDA:40,(anonymous_0)
FNDA:2,(anonymous_1)
FNDA:0,(anonymous_2)
FNDA:0,(anonymous_3)
FNDA:0,(anonymous_4)
DA:3,5
DA:5,40
DA:6,40
DA:7,0
DA:8,0
DA:9,0
DA:11,0
DA:12,0
DA:15,0
DA:16,0
DA:18,0
DA:20,40
DA:23,2
DA:26,0
DA:31,5
DA:44,5
DA:45,5
DA:47,5
DA:48,0
DA:49,0
DA:51,0
DA:53,0
DA:55,0
DA:57,0
DA:59,0
DA:61,0
DA:63,0
DA:65,0
DA:68,0
DA:70,0
DA:72,0
DA:76,0
LF:32
LH:9
BRDA:6,0,0,0
BRDA:6,0,1,40
BRDA:8,1,0,0
BRDA:8,1,1,0
BRDA:11,2,0,0
BRDA:11,2,1,0
BRDA:15,3,0,0
BRDA:15,3,1,0
BRDA:49,4,0,0
BRDA:49,4,1,0
BRDA:49,4,2,0
BRDA:49,4,3,0
BRDA:49,4,4,0
BRDA:49,4,5,0
BRDA:49,4,6,0
BRDA:49,4,7,0
BRDA:49,4,8,0
BRDA:49,4,9,0
BRDA:49,4,10,0
BRF:19
BRH:1
end_of_record
TN:
SF:src/Components/index.js
FNF:0
FNH:0
LF:0
LH:0
BRF:0
BRH:0
end_of_record
TN:
SF:src/Components/Cols/index.js
FN:6,(anonymous_0)
FN:11,(anonymous_1)
FN:14,(anonymous_2)
FN:22,(anonymous_3)
FN:28,(anonymous_4)
FNF:5
FNH:0
FNDA:0,(anonymous_0)
FNDA:0,(anonymous_1)
FNDA:0,(anonymous_2)
FNDA:0,(anonymous_3)
FNDA:0,(anonymous_4)
DA:6,5
DA:8,0
DA:9,0
DA:11,0
DA:12,0
DA:13,0
DA:14,0
DA:15,0
DA:16,0
DA:20,0
DA:22,0
DA:28,0
LF:12
LH:1
BRDA:6,0,0,0
BRDA:12,1,0,0
BRDA:12,1,1,0
BRF:3
BRH:0
end_of_record
TN:
SF:src/Components/Details/index.js
FN:39,(anonymous_0)
FN:44,(anonymous_1)
FNF:2
FNH:1
FNDA:25,(anonymous_0)
FNDA:0,(anonymous_1)
DA:5,5
DA:39,5
DA:40,25
DA:41,25
DA:42,25
DA:45,0
LF:6
LH:5
BRDA:39,0,0,25
BRDA:39,1,0,21
BRDA:39,2,0,4
BRDA:43,3,0,25
BRDA:43,3,1,21
BRDA:43,3,2,4
BRDA:45,4,0,0
BRDA:45,4,1,0
BRF:8
BRH:6
end_of_record
TN:
SF:src/Components/Duplicate/index.js
FN:7,(anonymous_0)
FN:11,(anonymous_1)
FN:17,(anonymous_2)
FN:21,(anonymous_3)
FN:27,(anonymous_4)
FN:30,(anonymous_5)
FNF:6
FNH:0
FNDA:0,(anonymous_0)
FNDA:0,(anonymous_1)
FNDA:0,(anonymous_2)
FNDA:0,(anonymous_3)
FNDA:0,(anonymous_4)
FNDA:0,(anonymous_5)
DA:7,5
DA:9,0
DA:11,0
DA:12,0
DA:13,0
DA:17,0
DA:19,0
DA:21,0
DA:22,0
DA:25,0
DA:26,0
DA:27,0
DA:28,0
DA:29,0
DA:30,0
DA:32,0
DA:34,0
DA:38,0
LF:18
LH:1
BRDA:7,0,0,0
BRDA:17,1,0,0
BRDA:17,1,1,0
BRDA:25,2,0,0
BRDA:25,2,1,0
BRDA:26,3,0,0
BRDA:26,3,1,0
BRDA:29,4,0,0
BRDA:29,4,1,0
BRF:9
BRH:0
end_of_record
TN:
SF:src/Components/Iframe/index.js
FN:8,(anonymous_0)
FN:93,(anonymous_1)
FNF:2
FNH:0
FNDA:0,(anonymous_0)
FNDA:0,(anonymous_1)
DA:8,5
DA:9,0
DA:10,0
DA:13,5
DA:21,5
DA:93,5
DA:97,0
DA:98,0
DA:99,0
DA:100,0
DA:101,0
LF:11
LH:4
BRDA:100,0,0,0
BRDA:100,0,1,0
BRDA:105,1,0,0
BRDA:105,1,1,0
BRDA:117,2,0,0
BRDA:117,2,1,0
BRF:6
BRH:0
end_of_record
TN:
SF:src/Components/MediaUploader/index.js
FN:7,(anonymous_0)
FN:10,(anonymous_1)
FN:12,(anonymous_2)
FN:18,(anonymous_3)
FN:22,(anonymous_4)
FN:26,(anonymous_5)
FNF:6
FNH:0
FNDA:0,(anonymous_0)
FNDA:0,(anonymous_1)
FNDA:0,(anonymous_2)
FNDA:0,(anonymous_3)
FNDA:0,(anonymous_4)
FNDA:0,(anonymous_5)
DA:7,5
DA:8,0
DA:10,0
DA:11,0
DA:12,0
DA:13,0
DA:16,0
DA:19,0
DA:23,0
DA:24,0
DA:25,0
DA:26,0
DA:27,0
DA:28,0
DA:30,0
LF:15
LH:1
BRDA:11,0,0,0
BRDA:11,0,1,0
BRDA:12,1,0,0
BRDA:12,1,1,0
BRDA:18,2,0,0
BRDA:18,2,1,0
BRDA:18,2,2,0
BRF:7
BRH:0
end_of_record
TN:
SF:src/Components/Portal/index.js
FN:4,(anonymous_0)
FN:9,(anonymous_1)
FN:12,(anonymous_2)
FN:13,(anonymous_3)
FN:15,(anonymous_4)
FN:19,(anonymous_5)
FNF:6
FNH:4
FNDA:11,(anonymous_0)
FNDA:4,(anonymous_1)
FNDA:0,(anonymous_2)
FNDA:12,(anonymous_3)
FNDA:0,(anonymous_4)
FNDA:11,(anonymous_5)
DA:4,5
DA:5,11
DA:6,11
DA:9,5
DA:10,4
DA:11,4
DA:12,4
DA:13,12
DA:14,4
DA:15,4
DA:16,4
DA:19,5
DA:20,11
DA:21,11
DA:22,11
DA:23,7
DA:25,4
DA:33,4
DA:34,4
LF:19
LH:19
BRDA:5,0,0,11
BRDA:5,0,1,11
BRDA:10,1,0,4
BRDA:12,2,0,4
BRDA:12,2,1,0
BRDA:13,3,0,4
BRDA:13,3,1,4
BRDA:14,4,0,4
BRDA:14,4,1,0
BRDA:15,5,0,4
BRDA:15,5,1,0
BRDA:19,6,0,0
BRDA:20,7,0,11
BRDA:20,7,1,11
BRDA:22,8,0,7
BRDA:22,8,1,4
BRF:16
BRH:12
end_of_record
TN:
SF:src/Components/Remove/index.js
FN:6,(anonymous_0)
FN:10,(anonymous_1)
FN:13,(anonymous_2)
FN:16,(anonymous_3)
FNF:4
FNH:0
FNDA:0,(anonymous_0)
FNDA:0,(anonymous_1)
FNDA:0,(anonymous_2)
FNDA:0,(anonymous_3)
DA:6,5
DA:8,0
DA:10,0
DA:11,0
DA:12,0
DA:13,0
DA:14,0
DA:15,0
DA:16,0
DA:17,0
DA:21,0
LF:11
LH:1
BRDA:11,0,0,0
BRDA:11,0,1,0
BRDA:12,1,0,0
BRDA:12,1,1,0
BRDA:16,2,0,0
BRDA:16,2,1,0
BRF:6
BRH:0
end_of_record
TN:
SF:src/Components/Reorder/index.js
FN:6,(anonymous_0)
FN:10,(anonymous_1)
FN:13,(anonymous_2)
FN:18,(anonymous_3)
FN:28,(anonymous_4)
FN:33,(anonymous_5)
FNF:6
FNH:0
FNDA:0,(anonymous_0)
FNDA:0,(anonymous_1)
FNDA:0,(anonymous_2)
FNDA:0,(anonymous_3)
FNDA:0,(anonymous_4)
FNDA:0,(anonymous_5)
DA:6,5
DA:8,0
DA:10,0
DA:11,0
DA:12,0
DA:13,0
DA:14,0
DA:15,0
DA:16,0
DA:17,0
DA:18,0
DA:20,0
DA:22,0
DA:26,0
DA:28,0
DA:33,0
LF:16
LH:1
BRDA:6,0,0,0
BRDA:6,1,0,0
BRDA:6,2,0,0
BRDA:11,3,0,0
BRDA:11,3,1,0
BRDA:12,4,0,0
BRDA:12,4,1,0
BRDA:14,5,0,0
BRDA:14,5,1,0
BRDA:15,6,0,0
BRDA:15,6,1,0
BRDA:15,7,0,0
BRDA:15,7,1,0
BRDA:17,8,0,0
BRDA:17,8,1,0
BRF:15
BRH:0
end_of_record
TN:
SF:src/Pages/Editor/Urls.js
FNF:0
FNH:0
DA:1,1
LF:1
LH:1
BRF:0
BRH:0
end_of_record
TN:
SF:src/Pages/Editor/index.js
FN:17,(anonymous_0)
FN:19,(anonymous_1)
FN:31,(anonymous_2)
FN:38,(anonymous_3)
FN:43,(anonymous_4)
FN:44,(anonymous_5)
FN:57,(anonymous_6)
FN:66,(anonymous_7)
FN:72,(anonymous_8)
FN:108,(anonymous_9)
FN:112,(anonymous_10)
FN:118,(anonymous_11)
FN:119,(anonymous_12)
FN:121,(anonymous_13)
FN:130,(anonymous_14)
FN:134,(anonymous_15)
FN:135,(anonymous_16)
FN:153,(anonymous_17)
FN:166,(anonymous_18)
FN:181,(anonymous_19)
FN:202,(anonymous_20)
FN:211,remplaçant
FN:217,(anonymous_22)
FN:238,(anonymous_23)
FN:268,(anonymous_24)
FNF:25
FNH:7
FNDA:8,(anonymous_0)
FNDA:12,(anonymous_1)
FNDA:1,(anonymous_2)
FNDA:0,(anonymous_3)
FNDA:1,(anonymous_4)
FNDA:0,(anonymous_5)
FNDA:1,(anonymous_6)
FNDA:1,(anonymous_7)
FNDA:1,(anonymous_8)
FNDA:0,(anonymous_9)
FNDA:0,(anonymous_10)
FNDA:0,(anonymous_11)
FNDA:0,(anonymous_12)
FNDA:0,(anonymous_13)
FNDA:0,(anonymous_14)
FNDA:0,(anonymous_15)
FNDA:0,(anonymous_16)
FNDA:0,(anonymous_17)
FNDA:0,(anonymous_18)
FNDA:0,(anonymous_19)
FNDA:0,(anonymous_20)
FNDA:0,remplaçant
FNDA:0,(anonymous_22)
FNDA:0,(anonymous_23)
FNDA:0,(anonymous_24)
DA:17,1
DA:18,8
DA:20,12
DA:21,12
DA:22,12
DA:31,1
DA:32,1
DA:33,1
DA:34,1
DA:35,1
DA:38,1
DA:39,0
DA:40,0
DA:43,1
DA:44,1
DA:45,0
DA:46,0
DA:47,0
DA:48,0
DA:50,0
DA:51,0
DA:57,1
DA:58,1
DA:59,0
DA:60,0
DA:61,0
DA:62,0
DA:66,1
DA:67,1
DA:68,1
DA:69,1
DA:72,1
DA:73,1
DA:74,1
DA:77,1
DA:79,1
DA:109,0
DA:110,0
DA:113,0
DA:114,0
DA:115,0
DA:116,0
DA:117,0
DA:118,0
DA:119,0
DA:120,0
DA:121,0
DA:123,0
DA:125,0
DA:126,0
DA:127,0
DA:131,0
DA:135,0
DA:136,0
DA:137,0
DA:138,0
DA:141,0
DA:142,0
DA:143,0
DA:144,0
DA:145,0
DA:147,0
DA:153,0
DA:166,0
DA:181,0
DA:203,0
DA:204,0
DA:205,0
DA:206,0
DA:207,0
DA:208,0
DA:209,0
DA:210,0
DA:212,0
DA:213,0
DA:215,0
DA:217,0
DA:218,0
DA:219,0
DA:223,0
DA:224,0
DA:225,0
DA:226,0
DA:227,0
DA:228,0
DA:239,0
DA:240,0
DA:246,0
DA:269,0
LF:89
LH:24
BRDA:19,0,0,8
BRDA:19,0,1,8
BRDA:20,1,0,6
BRDA:20,1,1,6
BRDA:20,2,0,12
BRDA:20,2,1,12
BRDA:21,3,0,0
BRDA:21,3,1,12
BRDA:23,4,0,12
BRDA:23,4,1,12
BRDA:31,5,0,0
BRDA:47,6,0,0
BRDA:47,6,1,0
BRDA:50,7,0,0
BRDA:50,7,1,0
BRDA:61,8,0,0
BRDA:61,8,1,0
BRDA:61,9,0,0
BRDA:61,9,1,0
BRDA:61,9,2,0
BRDA:67,10,0,1
BRDA:67,10,1,0
BRDA:68,11,0,1
BRDA:68,11,1,0
BRDA:77,12,0,0
BRDA:77,12,1,1
BRDA:115,13,0,0
BRDA:115,13,1,0
BRDA:126,14,0,0
BRDA:126,14,1,0
BRDA:126,15,0,0
BRDA:126,15,1,0
BRDA:134,16,0,1
BRDA:134,16,1,0
BRDA:137,17,0,0
BRDA:137,17,1,0
BRDA:142,18,0,0
BRDA:142,18,1,0
BRDA:156,19,0,1
BRDA:156,19,1,0
BRDA:169,20,0,1
BRDA:169,20,1,0
BRDA:184,21,0,1
BRDA:184,21,1,0
BRDA:212,22,0,0
BRDA:212,22,1,0
BRDA:225,23,0,0
BRDA:225,23,1,0
BRDA:225,24,0,0
BRDA:225,24,1,0
BRF:50
BRH:16
end_of_record
TN:
SF:src/Pages/Editor/mocks.js
FNF:0
FNH:0
LF:0
LH:0
BRF:0
BRH:0
end_of_record
TN:
SF:src/Pages/Editor/style.js
FNF:0
FNH:0
DA:4,1
DA:40,1
DA:97,1
LF:3
LH:3
BRF:0
BRH:0
end_of_record
TN:
SF:src/Pages/Editor/Component/index.js
FNF:0
FNH:0
LF:0
LH:0
BRF:0
BRH:0
end_of_record
TN:
SF:src/Pages/Editor/Component/HeroBanner/index.js
FN:32,(anonymous_0)
FN:38,(anonymous_1)
FN:39,(anonymous_2)
FN:43,(anonymous_3)
FN:48,ElementMaker
FN:77,(anonymous_5)
FN:78,(anonymous_6)
FN:88,(anonymous_7)
FN:90,(anonymous_8)
FN:92,(anonymous_9)
FN:96,(anonymous_10)
FN:102,(anonymous_11)
FN:112,(anonymous_12)
FN:129,(anonymous_13)
FN:134,(anonymous_14)
FN:139,(anonymous_15)
FN:155,(anonymous_16)
FNF:17
FNH:5
FNDA:5,(anonymous_0)
FNDA:0,(anonymous_1)
FNDA:0,(anonymous_2)
FNDA:0,(anonymous_3)
FNDA:5,ElementMaker
FNDA:0,(anonymous_5)
FNDA:0,(anonymous_6)
FNDA:1,(anonymous_7)
FNDA:0,(anonymous_8)
FNDA:0,(anonymous_9)
FNDA:0,(anonymous_10)
FNDA:0,(anonymous_11)
FNDA:4,(anonymous_12)
FNDA:0,(anonymous_13)
FNDA:0,(anonymous_14)
FNDA:0,(anonymous_15)
FNDA:3,(anonymous_16)
DA:10,4
DA:14,4
DA:32,4
DA:33,5
DA:35,5
DA:36,5
DA:38,5
DA:39,0
DA:40,0
DA:43,5
DA:44,0
DA:45,0
DA:49,5
DA:70,5
DA:77,0
DA:78,0
DA:88,4
DA:89,1
DA:90,1
DA:91,0
DA:92,0
DA:93,0
DA:95,1
DA:97,0
DA:103,0
DA:104,0
DA:105,0
DA:106,0
DA:108,0
DA:113,4
DA:114,4
DA:115,4
DA:129,4
DA:130,0
DA:131,0
DA:133,0
DA:135,0
DA:140,0
DA:145,0
DA:155,4
DA:156,3
LF:41
LH:20
BRDA:35,0,0,5
BRDA:35,0,1,0
BRDA:44,1,0,0
BRDA:44,1,1,0
BRDA:52,2,0,0
BRDA:52,2,1,5
BRDA:73,3,0,0
BRDA:73,3,1,5
BRDA:90,4,0,0
BRDA:91,5,0,0
BRDA:91,5,1,0
BRDA:104,6,0,0
BRDA:104,6,1,0
BRDA:130,7,0,0
BRDA:130,7,1,0
BRDA:131,8,0,0
BRDA:131,8,1,0
BRDA:148,9,0,0
BRDA:148,9,1,0
BRDA:150,10,0,0
BRDA:150,10,1,0
BRF:21
BRH:3
end_of_record
TN:
SF:src/Pages/Editor/Component/HomePage/index.js
FN:32,(anonymous_0)
FN:47,(anonymous_1)
FN:49,(anonymous_2)
FN:51,(anonymous_3)
FN:55,(anonymous_4)
FN:61,(anonymous_5)
FN:71,(anonymous_6)
FN:88,(anonymous_7)
FN:93,(anonymous_8)
FN:98,(anonymous_9)
FN:114,(anonymous_10)
FNF:11
FNH:2
FNDA:2,(anonymous_0)
FNDA:0,(anonymous_1)
FNDA:0,(anonymous_2)
FNDA:0,(anonymous_3)
FNDA:0,(anonymous_4)
FNDA:0,(anonymous_5)
FNDA:0,(anonymous_6)
FNDA:0,(anonymous_7)
FNDA:0,(anonymous_8)
FNDA:0,(anonymous_9)
FNDA:3,(anonymous_10)
DA:10,3
DA:14,3
DA:32,3
DA:33,2
DA:35,2
DA:47,3
DA:48,0
DA:49,0
DA:50,0
DA:51,0
DA:52,0
DA:54,0
DA:56,0
DA:62,0
DA:63,0
DA:64,0
DA:65,0
DA:67,0
DA:72,0
DA:73,0
DA:74,0
DA:88,3
DA:89,0
DA:90,0
DA:92,0
DA:94,0
DA:99,0
DA:104,0
DA:114,3
DA:115,3
LF:30
LH:9
BRDA:37,0,0,0
BRDA:37,0,1,2
BRDA:49,1,0,0
BRDA:50,2,0,0
BRDA:50,2,1,0
BRDA:63,3,0,0
BRDA:63,3,1,0
BRDA:89,4,0,0
BRDA:89,4,1,0
BRDA:90,5,0,0
BRDA:90,5,1,0
BRDA:106,6,0,0
BRDA:106,6,1,0
BRDA:108,7,0,0
BRDA:108,7,1,0
BRF:15
BRH:1
end_of_record
TN:
SF:src/Pages/Editor/Component/Introduction/index.js
FN:43,ElementMaker
FN:47,(anonymous_1)
FN:48,(anonymous_2)
FN:52,(anonymous_3)
FN:64,(anonymous_4)
FN:70,(anonymous_5)
FN:77,(anonymous_6)
FN:92,(anonymous_7)
FN:98,(anonymous_8)
FN:100,(anonymous_9)
FN:104,(anonymous_10)
FN:109,(anonymous_11)
FN:110,(anonymous_12)
FN:115,(anonymous_13)
FN:118,(anonymous_14)
FN:121,(anonymous_15)
FN:132,(anonymous_16)
FN:142,(anonymous_17)
FN:159,(anonymous_18)
FN:164,(anonymous_19)
FN:169,(anonymous_20)
FN:185,(anonymous_21)
FNF:22
FNH:9
FNDA:1,ElementMaker
FNDA:0,(anonymous_1)
FNDA:0,(anonymous_2)
FNDA:0,(anonymous_3)
FNDA:0,(anonymous_4)
FNDA:0,(anonymous_5)
FNDA:3,(anonymous_6)
FNDA:3,(anonymous_7)
FNDA:0,(anonymous_8)
FNDA:0,(anonymous_9)
FNDA:1,(anonymous_10)
FNDA:3,(anonymous_11)
FNDA:0,(anonymous_12)
FNDA:0,(anonymous_13)
FNDA:1,(anonymous_14)
FNDA:1,(anonymous_15)
FNDA:0,(anonymous_16)
FNDA:12,(anonymous_17)
FNDA:0,(anonymous_18)
FNDA:0,(anonymous_19)
FNDA:0,(anonymous_20)
FNDA:3,(anonymous_21)
DA:11,4
DA:15,4
DA:44,1
DA:45,1
DA:47,1
DA:48,0
DA:49,0
DA:52,1
DA:53,0
DA:54,0
DA:57,1
DA:64,0
DA:70,0
DA:77,4
DA:78,3
DA:80,3
DA:92,4
DA:93,3
DA:95,3
DA:98,3
DA:99,0
DA:100,0
DA:101,0
DA:104,3
DA:105,1
DA:106,1
DA:109,3
DA:110,3
DA:111,3
DA:114,3
DA:116,0
DA:118,1
DA:122,1
DA:133,0
DA:134,0
DA:135,0
DA:136,0
DA:138,0
DA:143,12
DA:144,12
DA:145,12
DA:159,4
DA:160,0
DA:161,0
DA:163,0
DA:165,0
DA:170,0
DA:175,0
DA:185,4
DA:186,3
LF:50
LH:29
BRDA:44,0,0,1
BRDA:44,0,1,0
BRDA:53,1,0,0
BRDA:53,1,1,0
BRDA:60,2,0,0
BRDA:60,2,1,1
BRDA:83,3,0,0
BRDA:83,3,1,3
BRDA:98,4,0,0
BRDA:99,5,0,0
BRDA:99,5,1,0
BRDA:105,6,0,0
BRDA:105,6,1,1
BRDA:111,7,0,3
BRDA:111,7,1,0
BRDA:121,8,0,1
BRDA:121,8,1,2
BRDA:134,9,0,0
BRDA:134,9,1,0
BRDA:160,10,0,0
BRDA:160,10,1,0
BRDA:161,11,0,0
BRDA:161,11,1,0
BRDA:178,12,0,0
BRDA:178,12,1,0
BRDA:180,13,0,0
BRDA:180,13,1,0
BRF:27
BRH:7
end_of_record
TN:
SF:src/Pages/Editor/Component/Layouts/index.js
FN:58,(anonymous_0)
FN:61,(anonymous_1)
FN:63,(anonymous_2)
FN:71,(anonymous_3)
FN:74,(anonymous_4)
FN:83,(anonymous_5)
FN:86,(anonymous_6)
FN:94,(anonymous_7)
FN:98,(anonymous_8)
FN:104,(anonymous_9)
FN:110,(anonymous_10)
FN:116,(anonymous_11)
FN:124,(anonymous_12)
FN:140,(anonymous_13)
FN:140,(anonymous_14)
FN:151,(anonymous_15)
FN:157,(anonymous_16)
FN:162,(anonymous_17)
FN:176,(anonymous_18)
FNF:19
FNH:6
FNDA:4,(anonymous_0)
FNDA:0,(anonymous_1)
FNDA:0,(anonymous_2)
FNDA:0,(anonymous_3)
FNDA:3,(anonymous_4)
FNDA:2,(anonymous_5)
FNDA:0,(anonymous_6)
FNDA:0,(anonymous_7)
FNDA:0,(anonymous_8)
FNDA:0,(anonymous_9)
FNDA:0,(anonymous_10)
FNDA:0,(anonymous_11)
FNDA:0,(anonymous_12)
FNDA:14,(anonymous_13)
FNDA:8,(anonymous_14)
FNDA:0,(anonymous_15)
FNDA:0,(anonymous_16)
FNDA:0,(anonymous_17)
FNDA:3,(anonymous_18)
DA:13,3
DA:52,3
DA:58,3
DA:59,4
DA:61,4
DA:62,0
DA:63,0
DA:64,0
DA:66,4
DA:72,0
DA:74,3
DA:83,3
DA:84,2
DA:86,2
DA:87,0
DA:94,0
DA:95,0
DA:98,2
DA:99,0
DA:100,0
DA:104,0
DA:106,0
DA:109,2
DA:111,0
DA:116,0
DA:124,0
DA:140,14
DA:141,8
DA:142,8
DA:151,3
DA:152,0
DA:153,0
DA:155,0
DA:158,0
DA:163,0
DA:168,0
DA:176,3
DA:177,3
LF:38
LH:18
BRDA:61,0,0,0
BRDA:62,1,0,0
BRDA:62,1,1,0
BRDA:74,2,0,0
BRDA:74,2,1,4
BRDA:75,3,0,4
BRDA:75,3,1,0
BRDA:76,4,0,4
BRDA:76,4,1,2
BRDA:104,5,0,0
BRDA:104,5,1,0
BRDA:147,6,0,2
BRDA:147,6,1,2
BRDA:152,7,0,0
BRDA:152,7,1,0
BRDA:153,8,0,0
BRDA:153,8,1,0
BRDA:170,9,0,0
BRDA:170,9,1,0
BRF:19
BRH:6
end_of_record
TN:
SF:src/Pages/Editor/Component/Line/index.js
FN:18,(anonymous_0)
FN:53,(anonymous_1)
FN:56,(anonymous_2)
FN:58,(anonymous_3)
FN:67,(anonymous_4)
FN:76,(anonymous_5)
FN:80,(anonymous_6)
FN:86,(anonymous_7)
FN:90,(anonymous_8)
FN:96,(anonymous_9)
FN:99,(anonymous_10)
FN:107,(anonymous_11)
FN:113,(anonymous_12)
FN:113,(anonymous_13)
FN:126,(anonymous_14)
FN:132,(anonymous_15)
FN:137,(anonymous_16)
FN:144,(anonymous_17)
FN:151,(anonymous_18)
FNF:19
FNH:7
FNDA:5,(anonymous_0)
FNDA:5,(anonymous_1)
FNDA:0,(anonymous_2)
FNDA:0,(anonymous_3)
FNDA:2,(anonymous_4)
FNDA:1,(anonymous_5)
FNDA:0,(anonymous_6)
FNDA:0,(anonymous_7)
FNDA:0,(anonymous_8)
FNDA:0,(anonymous_9)
FNDA:0,(anonymous_10)
FNDA:0,(anonymous_11)
FNDA:7,(anonymous_12)
FNDA:4,(anonymous_13)
FNDA:0,(anonymous_14)
FNDA:0,(anonymous_15)
FNDA:0,(anonymous_16)
FNDA:0,(anonymous_17)
FNDA:3,(anonymous_18)
DA:11,3
DA:18,5
DA:53,3
DA:54,5
DA:56,5
DA:57,0
DA:58,0
DA:59,0
DA:61,5
DA:64,5
DA:67,2
DA:76,3
DA:77,1
DA:80,1
DA:81,0
DA:82,0
DA:86,0
DA:88,0
DA:90,1
DA:91,0
DA:94,0
DA:95,0
DA:96,0
DA:97,0
DA:98,0
DA:99,0
DA:101,0
DA:103,0
DA:106,1
DA:108,0
DA:113,7
DA:114,4
DA:115,4
DA:126,3
DA:127,0
DA:128,0
DA:130,0
DA:133,0
DA:138,0
DA:143,0
DA:144,0
DA:151,3
DA:152,3
LF:43
LH:19
BRDA:56,0,0,0
BRDA:57,1,0,0
BRDA:57,1,1,0
BRDA:67,2,0,0
BRDA:67,2,1,5
BRDA:68,3,0,5
BRDA:68,3,1,0
BRDA:69,4,0,5
BRDA:69,4,1,1
BRDA:86,5,0,0
BRDA:86,5,1,0
BRDA:94,6,0,0
BRDA:94,6,1,0
BRDA:95,7,0,0
BRDA:95,7,1,0
BRDA:98,8,0,0
BRDA:98,8,1,0
BRDA:121,9,0,1
BRDA:121,9,1,1
BRDA:127,10,0,0
BRDA:127,10,1,0
BRDA:128,11,0,0
BRDA:128,11,1,0
BRDA:145,12,0,0
BRDA:145,12,1,0
BRF:25
BRH:6
end_of_record
TN:
SF:src/Pages/Editor/Helpers/Svg.js
FN:3,(anonymous_0)
FN:8,(anonymous_1)
FNF:2
FNH:1
FNDA:18,(anonymous_0)
FNDA:0,(anonymous_1)
DA:3,5
DA:5,18
DA:8,0
LF:3
LH:2
BRDA:10,0,0,18
BRDA:10,0,1,18
BRF:2
BRH:2
end_of_record
TN:
SF:src/Pages/Editor/Helpers/index.js
FNF:0
FNH:0
LF:0
LH:0
BRF:0
BRH:0
end_of_record
TN:
SF:src/Pages/Editor/Helpers/AddComponent/index.js
FN:20,(anonymous_0)
FN:22,(anonymous_1)
FN:31,(anonymous_2)
FN:37,(anonymous_3)
FN:40,(anonymous_4)
FNF:5
FNH:0
FNDA:0,(anonymous_0)
FNDA:0,(anonymous_1)
FNDA:0,(anonymous_2)
FNDA:0,(anonymous_3)
FNDA:0,(anonymous_4)
DA:8,5
DA:20,5
DA:21,0
DA:22,0
DA:23,0
DA:30,0
DA:31,0
DA:32,0
DA:34,0
DA:38,0
DA:39,0
DA:40,0
LF:12
LH:2
BRDA:40,0,0,0
BRDA:40,0,1,0
BRF:2
BRH:0
end_of_record
TN:
SF:src/Pages/Editor/Helpers/Background/index.js
FN:36,(anonymous_0)
FN:43,(anonymous_1)
FN:47,(anonymous_2)
FN:55,(anonymous_3)
FN:60,(anonymous_4)
FN:64,(anonymous_5)
FN:68,(anonymous_6)
FN:77,(anonymous_7)
FN:83,(anonymous_8)
FN:87,(anonymous_9)
FN:88,slugify
FN:111,(anonymous_11)
FN:130,(anonymous_12)
FNF:13
FNH:0
FNDA:0,(anonymous_0)
FNDA:0,(anonymous_1)
FNDA:0,(anonymous_2)
FNDA:0,(anonymous_3)
FNDA:0,(anonymous_4)
FNDA:0,(anonymous_5)
FNDA:0,(anonymous_6)
FNDA:0,(anonymous_7)
FNDA:0,(anonymous_8)
FNDA:0,(anonymous_9)
FNDA:0,slugify
FNDA:0,(anonymous_11)
FNDA:0,(anonymous_12)
DA:8,5
DA:36,5
DA:38,0
DA:39,0
DA:40,0
DA:41,0
DA:43,0
DA:44,0
DA:47,0
DA:48,0
DA:55,0
DA:56,0
DA:57,0
DA:60,0
DA:61,0
DA:64,0
DA:65,0
DA:68,0
DA:69,0
DA:70,0
DA:73,0
DA:78,0
DA:79,0
DA:84,0
DA:85,0
DA:86,0
DA:87,0
DA:89,0
DA:92,0
DA:95,0
DA:96,0
DA:97,0
DA:98,0
DA:102,0
DA:108,0
DA:110,0
DA:111,0
DA:112,0
DA:113,0
DA:115,0
DA:116,0
DA:117,0
DA:119,0
DA:121,0
DA:122,0
DA:131,0
DA:132,0
LF:47
LH:2
BRDA:39,0,0,0
BRDA:39,0,1,0
BRDA:39,1,0,0
BRDA:39,1,1,0
BRDA:40,2,0,0
BRDA:40,2,1,0
BRDA:40,3,0,0
BRDA:40,3,1,0
BRDA:56,4,0,0
BRDA:56,4,1,0
BRDA:69,5,0,0
BRDA:69,5,1,0
BRDA:69,6,0,0
BRDA:69,6,1,0
BRDA:70,7,0,0
BRDA:70,7,1,0
BRDA:70,8,0,0
BRDA:70,8,1,0
BRDA:77,9,0,0
BRDA:77,9,1,0
BRDA:115,10,0,0
BRDA:115,10,1,0
BRDA:130,11,0,0
BRDA:130,11,1,0
BRF:24
BRH:0
end_of_record
TN:
SF:src/Pages/Editor/Helpers/BorderRadius/index.js
FN:65,(anonymous_0)
FN:79,(anonymous_1)
FN:87,(anonymous_2)
FN:95,(anonymous_3)
FN:103,(anonymous_4)
FN:117,(anonymous_5)
FN:126,(anonymous_6)
FN:134,(anonymous_7)
FN:139,(anonymous_8)
FN:143,(anonymous_9)
FN:147,(anonymous_10)
FN:154,(anonymous_11)
FN:162,(anonymous_12)
FN:168,(anonymous_13)
FN:174,(anonymous_14)
FN:179,(anonymous_15)
FN:185,(anonymous_16)
FN:196,(anonymous_17)
FN:199,(anonymous_18)
FN:207,(anonymous_19)
FN:213,(anonymous_20)
FNF:21
FNH:0
FNDA:0,(anonymous_0)
FNDA:0,(anonymous_1)
FNDA:0,(anonymous_2)
FNDA:0,(anonymous_3)
FNDA:0,(anonymous_4)
FNDA:0,(anonymous_5)
FNDA:0,(anonymous_6)
FNDA:0,(anonymous_7)
FNDA:0,(anonymous_8)
FNDA:0,(anonymous_9)
FNDA:0,(anonymous_10)
FNDA:0,(anonymous_11)
FNDA:0,(anonymous_12)
FNDA:0,(anonymous_13)
FNDA:0,(anonymous_14)
FNDA:0,(anonymous_15)
FNDA:0,(anonymous_16)
FNDA:0,(anonymous_17)
FNDA:0,(anonymous_18)
FNDA:0,(anonymous_19)
FNDA:0,(anonymous_20)
DA:6,5
DA:65,5
DA:66,0
DA:67,0
DA:68,0
DA:70,0
DA:71,0
DA:72,0
DA:73,0
DA:74,0
DA:75,0
DA:77,0
DA:80,0
DA:88,0
DA:96,0
DA:104,0
DA:112,0
DA:117,0
DA:118,0
DA:119,0
DA:120,0
DA:121,0
DA:122,0
DA:123,0
DA:126,0
DA:127,0
DA:134,0
DA:135,0
DA:136,0
DA:139,0
DA:140,0
DA:143,0
DA:144,0
DA:147,0
DA:148,0
DA:149,0
DA:150,0
DA:151,0
DA:154,0
DA:158,0
DA:163,0
DA:164,0
DA:165,0
DA:166,0
DA:168,0
DA:175,0
DA:179,0
DA:180,0
DA:181,0
DA:184,0
DA:185,0
DA:186,0
DA:196,0
DA:200,0
DA:201,0
DA:202,0
DA:206,0
DA:207,0
DA:208,0
DA:209,0
DA:213,0
DA:214,0
LF:62
LH:2
BRDA:72,0,0,0
BRDA:72,0,1,0
BRDA:72,1,0,0
BRDA:72,1,1,0
BRDA:73,2,0,0
BRDA:73,2,1,0
BRDA:73,3,0,0
BRDA:73,3,1,0
BRDA:74,4,0,0
BRDA:74,4,1,0
BRDA:74,5,0,0
BRDA:74,5,1,0
BRDA:75,6,0,0
BRDA:75,6,1,0
BRDA:75,7,0,0
BRDA:75,7,1,0
BRDA:112,8,0,0
BRDA:112,8,1,0
BRDA:112,8,2,0
BRDA:112,8,3,0
BRDA:112,8,4,0
BRDA:135,9,0,0
BRDA:135,9,1,0
BRDA:135,10,0,0
BRDA:135,10,1,0
BRDA:135,10,2,0
BRDA:148,11,0,0
BRDA:148,11,1,0
BRDA:148,12,0,0
BRDA:148,12,1,0
BRDA:149,13,0,0
BRDA:149,13,1,0
BRDA:149,14,0,0
BRDA:149,14,1,0
BRDA:150,15,0,0
BRDA:150,15,1,0
BRDA:150,16,0,0
BRDA:150,16,1,0
BRDA:151,17,0,0
BRDA:151,17,1,0
BRDA:151,18,0,0
BRDA:151,18,1,0
BRDA:173,19,0,0
BRDA:173,19,1,0
BRDA:173,20,0,0
BRDA:173,20,1,0
BRDA:180,21,0,0
BRDA:180,21,1,0
BRDA:180,22,0,0
BRDA:180,22,1,0
BRDA:180,22,2,0
BRDA:190,23,0,0
BRDA:190,23,1,0
BRDA:198,24,0,0
BRDA:198,24,1,0
BRDA:198,25,0,0
BRDA:198,25,1,0
BRDA:208,26,0,0
BRDA:208,26,1,0
BRDA:208,27,0,0
BRDA:208,27,1,0
BRDA:208,27,2,0
BRDA:223,28,0,0
BRDA:223,28,1,0
BRF:64
BRH:0
end_of_record
TN:
SF:src/Pages/Editor/Helpers/EditorSetting/index.js
FN:6,(anonymous_0)
FN:12,(anonymous_1)
FNF:2
FNH:0
FNDA:0,(anonymous_0)
FNDA:0,(anonymous_1)
DA:6,5
DA:7,0
DA:8,0
DA:13,0
LF:4
LH:1
BRF:0
BRH:0
end_of_record
TN:
SF:src/Pages/Editor/Helpers/References/index.js
FN:5,(anonymous_0)
FN:8,(anonymous_1)
FN:10,(anonymous_2)
FN:16,(anonymous_3)
FNF:4
FNH:3
FNDA:12,(anonymous_0)
FNDA:12,(anonymous_1)
FNDA:12,(anonymous_2)
FNDA:0,(anonymous_3)
DA:5,5
DA:6,12
DA:7,12
DA:8,12
DA:10,12
DA:12,12
DA:15,12
DA:17,0
DA:18,0
DA:20,0
DA:21,0
DA:26,12
LF:12
LH:8
BRDA:12,0,0,0
BRDA:12,0,1,12
BRDA:17,1,0,0
BRDA:17,1,1,0
BRDA:20,2,0,0
BRDA:20,2,1,0
BRF:6
BRH:1
end_of_record
TN:
SF:src/Pages/Editor/Helpers/ScriptInject/index.js
FN:5,(anonymous_0)
FN:6,(anonymous_1)
FN:15,(anonymous_2)
FNF:3
FNH:2
FNDA:10,(anonymous_0)
FNDA:6,(anonymous_1)
FNDA:0,(anonymous_2)
DA:5,5
DA:6,10
DA:7,6
DA:9,10
DA:15,5
DA:16,0
LF:6
LH:5
BRDA:7,0,0,6
BRDA:7,0,1,0
BRDA:7,0,2,0
BRDA:10,1,0,10
BRDA:10,1,1,0
BRDA:10,1,2,0
BRDA:17,2,0,0
BRDA:17,2,1,0
BRDA:17,2,2,0
BRF:9
BRH:2
end_of_record
TN:
SF:src/Pages/Editor/Helpers/Spaces/index.js
FN:7,(anonymous_0)
FN:24,(anonymous_1)
FN:31,(anonymous_2)
FN:39,(anonymous_3)
FN:44,(anonymous_4)
FN:48,(anonymous_5)
FN:52,(anonymous_6)
FN:59,(anonymous_7)
FN:68,(anonymous_8)
FN:69,(anonymous_9)
FN:70,(anonymous_10)
FN:71,(anonymous_11)
FN:73,(anonymous_12)
FN:74,(anonymous_13)
FN:75,(anonymous_14)
FN:76,(anonymous_15)
FN:77,(anonymous_16)
FN:83,(anonymous_17)
FN:83,(anonymous_18)
FN:91,(anonymous_19)
FN:93,(anonymous_20)
FN:102,(anonymous_21)
FN:107,(anonymous_22)
FN:112,(anonymous_23)
FNF:24
FNH:0
FNDA:0,(anonymous_0)
FNDA:0,(anonymous_1)
FNDA:0,(anonymous_2)
FNDA:0,(anonymous_3)
FNDA:0,(anonymous_4)
FNDA:0,(anonymous_5)
FNDA:0,(anonymous_6)
FNDA:0,(anonymous_7)
FNDA:0,(anonymous_8)
FNDA:0,(anonymous_9)
FNDA:0,(anonymous_10)
FNDA:0,(anonymous_11)
FNDA:0,(anonymous_12)
FNDA:0,(anonymous_13)
FNDA:0,(anonymous_14)
FNDA:0,(anonymous_15)
FNDA:0,(anonymous_16)
FNDA:0,(anonymous_17)
FNDA:0,(anonymous_18)
FNDA:0,(anonymous_19)
FNDA:0,(anonymous_20)
FNDA:0,(anonymous_21)
FNDA:0,(anonymous_22)
FNDA:0,(anonymous_23)
DA:7,5
DA:8,0
DA:9,0
DA:10,0
DA:12,0
DA:13,0
DA:14,0
DA:15,0
DA:16,0
DA:17,0
DA:19,0
DA:24,0
DA:25,0
DA:26,0
DA:27,0
DA:28,0
DA:31,0
DA:32,0
DA:39,0
DA:40,0
DA:41,0
DA:44,0
DA:45,0
DA:48,0
DA:49,0
DA:52,0
DA:53,0
DA:54,0
DA:55,0
DA:56,0
DA:59,0
DA:64,0
DA:68,0
DA:69,0
DA:70,0
DA:71,0
DA:73,0
DA:74,0
DA:75,0
DA:76,0
DA:77,0
DA:83,0
DA:92,0
DA:94,0
DA:95,0
DA:103,0
DA:107,0
DA:108,0
DA:109,0
DA:112,0
DA:113,0
LF:51
LH:1
BRDA:14,0,0,0
BRDA:14,0,1,0
BRDA:14,1,0,0
BRDA:14,1,1,0
BRDA:15,2,0,0
BRDA:15,2,1,0
BRDA:15,3,0,0
BRDA:15,3,1,0
BRDA:16,4,0,0
BRDA:16,4,1,0
BRDA:16,5,0,0
BRDA:16,5,1,0
BRDA:17,6,0,0
BRDA:17,6,1,0
BRDA:17,7,0,0
BRDA:17,7,1,0
BRDA:19,8,0,0
BRDA:19,8,1,0
BRDA:19,8,2,0
BRDA:19,8,3,0
BRDA:19,8,4,0
BRDA:40,9,0,0
BRDA:40,9,1,0
BRDA:40,10,0,0
BRDA:40,10,1,0
BRDA:40,10,2,0
BRDA:53,11,0,0
BRDA:53,11,1,0
BRDA:53,12,0,0
BRDA:53,12,1,0
BRDA:54,13,0,0
BRDA:54,13,1,0
BRDA:54,14,0,0
BRDA:54,14,1,0
BRDA:55,15,0,0
BRDA:55,15,1,0
BRDA:55,16,0,0
BRDA:55,16,1,0
BRDA:56,17,0,0
BRDA:56,17,1,0
BRDA:56,18,0,0
BRDA:56,18,1,0
BRDA:68,19,0,0
BRDA:68,19,1,0
BRDA:68,20,0,0
BRDA:68,20,1,0
BRDA:69,21,0,0
BRDA:69,21,1,0
BRDA:69,22,0,0
BRDA:69,22,1,0
BRDA:70,23,0,0
BRDA:70,23,1,0
BRDA:70,24,0,0
BRDA:70,24,1,0
BRDA:71,25,0,0
BRDA:71,25,1,0
BRDA:71,26,0,0
BRDA:71,26,1,0
BRDA:73,27,0,0
BRDA:73,27,1,0
BRDA:73,28,0,0
BRDA:73,28,1,0
BRDA:74,29,0,0
BRDA:74,29,1,0
BRDA:74,30,0,0
BRDA:74,30,1,0
BRDA:75,31,0,0
BRDA:75,31,1,0
BRDA:75,32,0,0
BRDA:75,32,1,0
BRDA:76,33,0,0
BRDA:76,33,1,0
BRDA:76,34,0,0
BRDA:76,34,1,0
BRDA:82,35,0,0
BRDA:82,35,1,0
BRDA:96,36,0,0
BRDA:96,36,1,0
BRDA:101,37,0,0
BRDA:101,37,1,0
BRDA:101,38,0,0
BRDA:101,38,1,0
BRDA:108,39,0,0
BRDA:108,39,1,0
BRDA:108,40,0,0
BRDA:108,40,1,0
BRDA:108,40,2,0
BRF:87
BRH:0
end_of_record
TN:
SF:src/Pages/Editor/Helpers/Spaces/styled.js
FNF:0
FNH:0
DA:2,5
DA:4,5
LF:2
LH:2
BRF:0
BRH:0
end_of_record
TN:
SF:src/Utils/search.js
FN:1,(anonymous_0)
FNF:1
FNH:0
FNDA:0,(anonymous_0)
DA:1,5
DA:2,0
DA:3,0
DA:4,0
DA:5,0
DA:6,0
DA:8,0
LF:7
LH:1
BRDA:1,0,0,0
BRDA:1,1,0,0
BRDA:4,2,0,0
BRDA:4,2,1,0
BRDA:5,3,0,0
BRDA:5,3,1,0
BRDA:6,4,0,0
BRDA:6,4,1,0
BRF:8
BRH:0
end_of_record
TN:
SF:src/Utils/tools.js
FN:1,(anonymous_0)
FN:2,(anonymous_1)
FN:8,(anonymous_2)
FN:9,(anonymous_3)
FN:17,(anonymous_4)
FN:19,(anonymous_5)
FN:20,(anonymous_6)
FN:23,(anonymous_7)
FNF:8
FNH:6
FNDA:9,(anonymous_0)
FNDA:108,(anonymous_1)
FNDA:0,(anonymous_2)
FNDA:0,(anonymous_3)
FNDA:1,(anonymous_4)
FNDA:2,(anonymous_5)
FNDA:6,(anonymous_6)
FNDA:6,(anonymous_7)
DA:1,5
DA:2,9
DA:3,108
DA:4,108
DA:8,5
DA:9,0
DA:10,0
DA:17,5
DA:18,1
DA:19,1
DA:20,2
DA:21,6
DA:22,6
DA:23,6
DA:24,6
LF:15
LH:13
BRDA:3,0,0,108
BRDA:3,0,1,0
BRDA:10,1,0,0
BRDA:10,1,1,0
BRDA:11,2,0,0
BRDA:11,2,1,0
BRDA:17,3,0,0
BRDA:18,4,0,1
BRDA:18,4,1,1
BRF:9
BRH:3
end_of_record
TN:
SF:src/Utils/updatePropertyById.js
FN:1,(anonymous_0)
FNF:1
FNH:0
FNDA:0,(anonymous_0)
DA:1,5
DA:6,0
DA:7,0
DA:8,0
DA:10,0
DA:13,0
DA:14,0
DA:15,0
DA:18,0
LF:9
LH:1
BRDA:6,0,0,0
BRDA:6,0,1,0
BRDA:7,1,0,0
BRDA:7,1,1,0
BRDA:13,2,0,0
BRDA:13,2,1,0
BRDA:13,3,0,0
BRDA:13,3,1,0
BRF:8
BRH:0
end_of_record
